2018-10-31 03:26:37 +0000  Initial pipeline context: <IDEDistributionProcessingPipelineContext: 0x7fc38a71adb0; archive(resolved)='<IDEArchive: 0x7fc38a29bc50>', distributionTask(resolved)='2', distributionDestination(resolved)='1', distributionMethod(resolved)='<IDEDistributionMethodDevelopmentSignedMac: 0x7fc38175ef00>', team(resolved)='<IDEProvisioningDisambiguatableBasicTeam: 0x7fc37bc22e00; teamID='W79WNX2NKZ', teamName='The Alpheios Project Ltd.', teamType='Company', username='irinaskl0609@gmail.com', isFreeProvisioningTeam='0'>'>
	Chain (11, self inclusive):
	<IDEDistributionProcessingPipelineContext: 0x7fc38a71adb0; archive = '<IDEArchive: 0x7fc38a29bc50>', distributionMethod='<IDEDistributionMethodDevelopmentSignedMac: 0x7fc38175ef00>', team='<IDEProvisioningDisambiguatableBasicTeam: 0x7fc37bc22e00; teamID='W79WNX2NKZ', teamName='The Alpheios Project Ltd.', teamType='Company', username='irinaskl0609@gmail.com', isFreeProvisioningTeam='0'>'>
	<IDEDistributionProcessingPipelineContext: 0x7fc38a6d9ea0; archive = '<IDEArchive: 0x7fc38a29bc50>', distributionMethod='<IDEDistributionMethodDevelopmentSignedMac: 0x7fc38175ef00>', team='<IDEProvisioningDisambiguatableBasicTeam: 0x7fc37bc22e00; teamID='W79WNX2NKZ', teamName='The Alpheios Project Ltd.', teamType='Company', username='irinaskl0609@gmail.com', isFreeProvisioningTeam='0'>'>
	<IDEDistributionContext: 0x7fc38a708220; archive = '<IDEArchive: 0x7fc38a29bc50>', distributionMethod='<IDEDistributionMethodDevelopmentSignedMac: 0x7fc38175ef00>', team='<IDEProvisioningDisambiguatableBasicTeam: 0x7fc37bc22e00; teamID='W79WNX2NKZ', teamName='The Alpheios Project Ltd.', teamType='Company', username='irinaskl0609@gmail.com', isFreeProvisioningTeam='0'>'>
	<IDEDistributionContext: 0x7fc38a0d8f40; archive = '<IDEArchive: 0x7fc38a29bc50>', distributionMethod='<IDEDistributionMethodDevelopmentSignedMac: 0x7fc38175ef00>', team='<IDEProvisioningDisambiguatableBasicTeam: 0x7fc37bc22e00; teamID='W79WNX2NKZ', teamName='The Alpheios Project Ltd.', teamType='Company', username='irinaskl0609@gmail.com', isFreeProvisioningTeam='0'>'>
	<IDEDistributionContext: 0x7fc38a61e9c0; archive = '<IDEArchive: 0x7fc38a29bc50>', distributionMethod='<IDEDistributionMethodDevelopmentSignedMac: 0x7fc38175ef00>', team='<IDEProvisioningDisambiguatableBasicTeam: 0x7fc37bc22e00; teamID='W79WNX2NKZ', teamName='The Alpheios Project Ltd.', teamType='Company', username='irinaskl0609@gmail.com', isFreeProvisioningTeam='0'>'>
	<IDEDistributionContext: 0x7fc38a428e70; archive = '<IDEArchive: 0x7fc38a29bc50>', distributionMethod='<IDEDistributionMethodDevelopmentSignedMac: 0x7fc38175ef00>', team='<IDEProvisioningDisambiguatableBasicTeam: 0x7fc37bc22e00; teamID='W79WNX2NKZ', teamName='The Alpheios Project Ltd.', teamType='Company', username='irinaskl0609@gmail.com', isFreeProvisioningTeam='0'>'>
	<IDEDistributionContext: 0x7fc38a61feb0; archive = '<IDEArchive: 0x7fc38a29bc50>', distributionMethod='<IDEDistributionMethodDevelopmentSignedMac: 0x7fc38175ef00>', team='<IDEProvisioningDisambiguatableBasicTeam: 0x7fc37bc22e00; teamID='W79WNX2NKZ', teamName='The Alpheios Project Ltd.', teamType='Company', username='irinaskl0609@gmail.com', isFreeProvisioningTeam='0'>'>
	<IDEDistributionContext: 0x7fc38a41a060; archive = '<IDEArchive: 0x7fc38a29bc50>', distributionMethod='<IDEDistributionMethodDevelopmentSignedMac: 0x7fc38175ef00>', team='<IDEProvisioningDisambiguatableBasicTeam: 0x7fc37bc22e00; teamID='W79WNX2NKZ', teamName='The Alpheios Project Ltd.', teamType='Company', username='irinaskl0609@gmail.com', isFreeProvisioningTeam='0'>'>
	<IDEDistributionContext: 0x7fc38a443090; archive = '<IDEArchive: 0x7fc38a29bc50>', distributionMethod='<IDEDistributionMethodDevelopmentSignedMac: 0x7fc38175ef00>', team='(null)'>
	<IDEDistributionContext: 0x7fc38a33e9f0; archive = '<IDEArchive: 0x7fc38a29bc50>', distributionMethod='<IDEDistributionMethodDevelopmentSignedMac: 0x7fc38175ef00>', team='(null)'>
	<IDEDistributionContext: 0x7fc38a1783e0; archive = '<IDEArchive: 0x7fc38a29bc50>', distributionMethod='(null)', team='(null)'>
</IDEDistributionProcessingPipelineContext: 0x7fc38a71adb0>
2018-10-31 03:26:37 +0000  Processing step: IDEDistributionCreateDestRootStep
2018-10-31 03:26:37 +0000  Processing step: IDEDistributionCopyItemStep
2018-10-31 03:26:37 +0000  Running /usr/bin/ditto '-V' '/Users/irinasklyarova/Library/Developer/Xcode/Archives/2018-10-31/AlpheiosApp 31-10-2018, 13.25.xcarchive/Products/Applications/AlpheiosApp.app' '/var/folders/35/ql4xq3z1295060r1z2xjntw80000gn/T/XcodeDistPipeline.tJg/Root/Applications/AlpheiosApp.app'
2018-10-31 03:26:37 +0000  >>> Copying /Users/irinasklyarova/Library/Developer/Xcode/Archives/2018-10-31/AlpheiosApp 31-10-2018, 13.25.xcarchive/Products/Applications/AlpheiosApp.app 
2018-10-31 03:26:37 +0000  copying file ./Contents/_CodeSignature/CodeResources ... 
2018-10-31 03:26:37 +0000  9911 bytes for ./Contents/_CodeSignature/CodeResources
2018-10-31 03:26:37 +0000  copying file ./Contents/MacOS/AlpheiosApp ... 
2018-10-31 03:26:37 +0000  34656 bytes for ./Contents/MacOS/AlpheiosApp
2018-10-31 03:26:37 +0000  copying file ./Contents/PlugIns/AlpheiosSafari.appex/Contents/_CodeSignature/CodeResources ... 
2018-10-31 03:26:37 +0000  3351 bytes for ./Contents/PlugIns/AlpheiosSafari.appex/Contents/_CodeSignature/CodeResources
2018-10-31 03:26:37 +0000  copying file ./Contents/PlugIns/AlpheiosSafari.appex/Contents/MacOS/AlpheiosSafari ... 
2018-10-31 03:26:37 +0000  85712 bytes for ./Contents/PlugIns/AlpheiosSafari.appex/Contents/MacOS/AlpheiosSafari
2018-10-31 03:26:37 +0000  copying file ./Contents/PlugIns/AlpheiosSafari.appex/Contents/Resources/alpheios.pdf ... 
2018-10-31 03:26:37 +0000  356807 bytes for ./Contents/PlugIns/AlpheiosSafari.appex/Contents/Resources/alpheios.pdf
2018-10-31 03:26:37 +0000  copying file ./Contents/PlugIns/AlpheiosSafari.appex/Contents/Resources/Base.lproj/SafariExtensionViewController.nib ... 
2018-10-31 03:26:37 +0000  7513 bytes for ./Contents/PlugIns/AlpheiosSafari.appex/Contents/Resources/Base.lproj/SafariExtensionViewController.nib
copying file ./Contents/PlugIns/AlpheiosSafari.appex/Contents/Resources/content-safari.js ... 
2018-10-31 03:26:37 +0000  2137237 bytes for ./Contents/PlugIns/AlpheiosSafari.appex/Contents/Resources/content-safari.js
copying file ./Contents/PlugIns/AlpheiosSafari.appex/Contents/Resources/style.css ... 
2018-10-31 03:26:37 +0000  165680 bytes for ./Contents/PlugIns/AlpheiosSafari.appex/Contents/Resources/style.css
copying file ./Contents/PlugIns/AlpheiosSafari.appex/Contents/embedded.provisionprofile ... 
2018-10-31 03:26:37 +0000  13785 bytes for ./Contents/PlugIns/AlpheiosSafari.appex/Contents/embedded.provisionprofile
copying file ./Contents/PlugIns/AlpheiosSafari.appex/Contents/Info.plist ... 
2018-10-31 03:26:37 +0000  2989 bytes for ./Contents/PlugIns/AlpheiosSafari.appex/Contents/Info.plist
2018-10-31 03:26:37 +0000  copying file ./Contents/Resources/AppIcon.icns ... 
2018-10-31 03:26:37 +0000  17264 bytes for ./Contents/Resources/AppIcon.icns
2018-10-31 03:26:37 +0000  copying file ./Contents/Resources/Base.lproj/MainMenu.nib ... 
2018-10-31 03:26:37 +0000  19623 bytes for ./Contents/Resources/Base.lproj/MainMenu.nib
copying file ./Contents/Resources/Assets.car ... 
2018-10-31 03:26:37 +0000  46904 bytes for ./Contents/Resources/Assets.car
2018-10-31 03:26:37 +0000  copying file ./Contents/embedded.provisionprofile ... 
13777 bytes for ./Contents/embedded.provisionprofile
2018-10-31 03:26:37 +0000  copying file ./Contents/Frameworks/libswiftAppKit.dylib ... 
2018-10-31 03:26:37 +0000  241248 bytes for ./Contents/Frameworks/libswiftAppKit.dylib
copying file ./Contents/Frameworks/libswiftCoreImage.dylib ... 
2018-10-31 03:26:37 +0000  49360 bytes for ./Contents/Frameworks/libswiftCoreImage.dylib
copying file ./Contents/Frameworks/libswiftObjectiveC.dylib ... 
2018-10-31 03:26:37 +0000  61024 bytes for ./Contents/Frameworks/libswiftObjectiveC.dylib
copying file ./Contents/Frameworks/libswiftXPC.dylib ... 
2018-10-31 03:26:37 +0000  44960 bytes for ./Contents/Frameworks/libswiftXPC.dylib
2018-10-31 03:26:37 +0000  copying file ./Contents/Frameworks/libswiftSafariServices.dylib ... 
58720 bytes for ./Contents/Frameworks/libswiftSafariServices.dylib
2018-10-31 03:26:37 +0000  copying file ./Contents/Frameworks/libswiftCore.dylib ... 
2018-10-31 03:26:37 +0000  6552912 bytes for ./Contents/Frameworks/libswiftCore.dylib
copying file ./Contents/Frameworks/libswiftCoreGraphics.dylib ... 
2018-10-31 03:26:37 +0000  202128 bytes for ./Contents/Frameworks/libswiftCoreGraphics.dylib
copying file ./Contents/Frameworks/libswiftMetal.dylib ... 
92416 bytes for ./Contents/Frameworks/libswiftMetal.dylib
copying file ./Contents/Frameworks/libswiftCoreData.dylib ... 
2018-10-31 03:26:37 +0000  98416 bytes for ./Contents/Frameworks/libswiftCoreData.dylib
copying file ./Contents/Frameworks/libswiftDispatch.dylib ... 
2018-10-31 03:26:37 +0000  345920 bytes for ./Contents/Frameworks/libswiftDispatch.dylib
copying file ./Contents/Frameworks/libswiftos.dylib ... 
2018-10-31 03:26:37 +0000  74624 bytes for ./Contents/Frameworks/libswiftos.dylib
2018-10-31 03:26:37 +0000  copying file ./Contents/Frameworks/libswiftCoreFoundation.dylib ... 
41120 bytes for ./Contents/Frameworks/libswiftCoreFoundation.dylib
2018-10-31 03:26:37 +0000  copying file ./Contents/Frameworks/libswiftDarwin.dylib ... 
106448 bytes for ./Contents/Frameworks/libswiftDarwin.dylib
copying file ./Contents/Frameworks/libswiftQuartzCore.dylib ... 
2018-10-31 03:26:37 +0000  58368 bytes for ./Contents/Frameworks/libswiftQuartzCore.dylib
2018-10-31 03:26:37 +0000  copying file ./Contents/Frameworks/libswiftIOKit.dylib ... 
2018-10-31 03:26:37 +0000  45008 bytes for ./Contents/Frameworks/libswiftIOKit.dylib
copying file ./Contents/Frameworks/libswiftFoundation.dylib ... 
2018-10-31 03:26:37 +0000  3065360 bytes for ./Contents/Frameworks/libswiftFoundation.dylib
2018-10-31 03:26:37 +0000  copying file ./Contents/Info.plist ... 
1650 bytes for ./Contents/Info.plist
copying file ./Contents/PkgInfo ... 
8 bytes for ./Contents/PkgInfo
2018-10-31 03:26:37 +0000  /usr/bin/ditto exited with 0
2018-10-31 03:26:37 +0000  Processing step: IDEDistributionEmbedProfileStep
2018-10-31 03:26:37 +0000  Skipping profile for item: <IDEDistributionItem: 0x7fc38a637a70 'com.apple.dt.runtime.swiftAppKit' '<DVTFilePath:0x7fc3887f0a90:'/Users/irinasklyarova/Library/Developer/Xcode/Archives/2018-10-31/AlpheiosApp 31-10-2018, 13.25.xcarchive/Products/Applications/AlpheiosApp.app/Contents/Frameworks/libswiftAppKit.dylib'>'>
2018-10-31 03:26:37 +0000  Skipping profile for item: <IDEDistributionItem: 0x7fc38a61eb30 'com.apple.dt.runtime.swiftCore' '<DVTFilePath:0x7fc38a26ead0:'/Users/irinasklyarova/Library/Developer/Xcode/Archives/2018-10-31/AlpheiosApp 31-10-2018, 13.25.xcarchive/Products/Applications/AlpheiosApp.app/Contents/Frameworks/libswiftCore.dylib'>'>
2018-10-31 03:26:37 +0000  Skipping profile for item: <IDEDistributionItem: 0x7fc38a377ca0 'com.apple.dt.runtime.swiftCoreData' '<DVTFilePath:0x7fc38a201d10:'/Users/irinasklyarova/Library/Developer/Xcode/Archives/2018-10-31/AlpheiosApp 31-10-2018, 13.25.xcarchive/Products/Applications/AlpheiosApp.app/Contents/Frameworks/libswiftCoreData.dylib'>'>
2018-10-31 03:26:37 +0000  Skipping profile for item: <IDEDistributionItem: 0x7fc38a624dc0 'com.apple.dt.runtime.swiftCoreFoundation' '<DVTFilePath:0x7fc38a41fd90:'/Users/irinasklyarova/Library/Developer/Xcode/Archives/2018-10-31/AlpheiosApp 31-10-2018, 13.25.xcarchive/Products/Applications/AlpheiosApp.app/Contents/Frameworks/libswiftCoreFoundation.dylib'>'>
2018-10-31 03:26:37 +0000  Skipping profile for item: <IDEDistributionItem: 0x7fc38a649610 'com.apple.dt.runtime.swiftCoreGraphics' '<DVTFilePath:0x7fc38a416f60:'/Users/irinasklyarova/Library/Developer/Xcode/Archives/2018-10-31/AlpheiosApp 31-10-2018, 13.25.xcarchive/Products/Applications/AlpheiosApp.app/Contents/Frameworks/libswiftCoreGraphics.dylib'>'>
2018-10-31 03:26:37 +0000  Skipping profile for item: <IDEDistributionItem: 0x7fc38a6473e0 'com.apple.dt.runtime.swiftCoreImage' '<DVTFilePath:0x7fc3887c0350:'/Users/irinasklyarova/Library/Developer/Xcode/Archives/2018-10-31/AlpheiosApp 31-10-2018, 13.25.xcarchive/Products/Applications/AlpheiosApp.app/Contents/Frameworks/libswiftCoreImage.dylib'>'>
2018-10-31 03:26:37 +0000  Skipping profile for item: <IDEDistributionItem: 0x7fc38a33f9d0 'com.apple.dt.runtime.swiftDarwin' '<DVTFilePath:0x7fc38a41be60:'/Users/irinasklyarova/Library/Developer/Xcode/Archives/2018-10-31/AlpheiosApp 31-10-2018, 13.25.xcarchive/Products/Applications/AlpheiosApp.app/Contents/Frameworks/libswiftDarwin.dylib'>'>
2018-10-31 03:26:37 +0000  Skipping profile for item: <IDEDistributionItem: 0x7fc38a631840 'com.apple.dt.runtime.swiftDispatch' '<DVTFilePath:0x7fc38a277f00:'/Users/irinasklyarova/Library/Developer/Xcode/Archives/2018-10-31/AlpheiosApp 31-10-2018, 13.25.xcarchive/Products/Applications/AlpheiosApp.app/Contents/Frameworks/libswiftDispatch.dylib'>'>
2018-10-31 03:26:37 +0000  Skipping profile for item: <IDEDistributionItem: 0x7fc38a620cc0 'com.apple.dt.runtime.swiftFoundation' '<DVTFilePath:0x7fc38a41c8d0:'/Users/irinasklyarova/Library/Developer/Xcode/Archives/2018-10-31/AlpheiosApp 31-10-2018, 13.25.xcarchive/Products/Applications/AlpheiosApp.app/Contents/Frameworks/libswiftFoundation.dylib'>'>
2018-10-31 03:26:37 +0000  Skipping profile for item: <IDEDistributionItem: 0x7fc38a033f00 'com.apple.dt.runtime.swiftIOKit' '<DVTFilePath:0x7fc38a29f9a0:'/Users/irinasklyarova/Library/Developer/Xcode/Archives/2018-10-31/AlpheiosApp 31-10-2018, 13.25.xcarchive/Products/Applications/AlpheiosApp.app/Contents/Frameworks/libswiftIOKit.dylib'>'>
2018-10-31 03:26:37 +0000  Skipping profile for item: <IDEDistributionItem: 0x7fc38a660450 'com.apple.dt.runtime.swiftMetal' '<DVTFilePath:0x7fc38a440600:'/Users/irinasklyarova/Library/Developer/Xcode/Archives/2018-10-31/AlpheiosApp 31-10-2018, 13.25.xcarchive/Products/Applications/AlpheiosApp.app/Contents/Frameworks/libswiftMetal.dylib'>'>
2018-10-31 03:26:37 +0000  Skipping profile for item: <IDEDistributionItem: 0x7fc38a6514b0 'com.apple.dt.runtime.swiftObjectiveC' '<DVTFilePath:0x7fc3887d78a0:'/Users/irinasklyarova/Library/Developer/Xcode/Archives/2018-10-31/AlpheiosApp 31-10-2018, 13.25.xcarchive/Products/Applications/AlpheiosApp.app/Contents/Frameworks/libswiftObjectiveC.dylib'>'>
2018-10-31 03:26:37 +0000  Skipping profile for item: <IDEDistributionItem: 0x7fc38a637550 'com.apple.dt.runtime.swiftQuartzCore' '<DVTFilePath:0x7fc3885c89c0:'/Users/irinasklyarova/Library/Developer/Xcode/Archives/2018-10-31/AlpheiosApp 31-10-2018, 13.25.xcarchive/Products/Applications/AlpheiosApp.app/Contents/Frameworks/libswiftQuartzCore.dylib'>'>
2018-10-31 03:26:37 +0000  Skipping profile for item: <IDEDistributionItem: 0x7fc38a36c140 'com.apple.dt.runtime.swiftSafariServices' '<DVTFilePath:0x7fc38a40fb00:'/Users/irinasklyarova/Library/Developer/Xcode/Archives/2018-10-31/AlpheiosApp 31-10-2018, 13.25.xcarchive/Products/Applications/AlpheiosApp.app/Contents/Frameworks/libswiftSafariServices.dylib'>'>
2018-10-31 03:26:37 +0000  Skipping profile for item: <IDEDistributionItem: 0x7fc38a6574d0 'com.apple.dt.runtime.swiftXPC' '<DVTFilePath:0x7fc38a41fe40:'/Users/irinasklyarova/Library/Developer/Xcode/Archives/2018-10-31/AlpheiosApp 31-10-2018, 13.25.xcarchive/Products/Applications/AlpheiosApp.app/Contents/Frameworks/libswiftXPC.dylib'>'>
2018-10-31 03:26:37 +0000  Skipping profile for item: <IDEDistributionItem: 0x7fc38a6563f0 'com.apple.dt.runtime.swiftos' '<DVTFilePath:0x7fc38a410980:'/Users/irinasklyarova/Library/Developer/Xcode/Archives/2018-10-31/AlpheiosApp 31-10-2018, 13.25.xcarchive/Products/Applications/AlpheiosApp.app/Contents/Frameworks/libswiftos.dylib'>'>
2018-10-31 03:26:37 +0000  Processing step: IDEDistributionAppThinningPlistStep
2018-10-31 03:26:37 +0000  Processing step: IDEDistributionCompileBitcodeStep
2018-10-31 03:26:37 +0000  Skipping step: IDEDistributionCompileBitcodeStep because it said so
2018-10-31 03:26:37 +0000  Processing step: IDEDistributionCodeSlimmingStep
2018-10-31 03:26:37 +0000  Processing step: IDEDistributionCopyBCSymbolMapsStep
2018-10-31 03:26:37 +0000  Skipping step: IDEDistributionCopyBCSymbolMapsStep because it said so
2018-10-31 03:26:37 +0000  Skipping step: IDEDistributionCopyBCSymbolMapsStep because it said so
2018-10-31 03:26:37 +0000  Skipping step: IDEDistributionCopyBCSymbolMapsStep because it said so
2018-10-31 03:26:37 +0000  Skipping step: IDEDistributionCopyBCSymbolMapsStep because it said so
2018-10-31 03:26:37 +0000  Skipping step: IDEDistributionCopyBCSymbolMapsStep because it said so
2018-10-31 03:26:37 +0000  Skipping step: IDEDistributionCopyBCSymbolMapsStep because it said so
2018-10-31 03:26:37 +0000  Skipping step: IDEDistributionCopyBCSymbolMapsStep because it said so
2018-10-31 03:26:37 +0000  Skipping step: IDEDistributionCopyBCSymbolMapsStep because it said so
2018-10-31 03:26:37 +0000  Skipping step: IDEDistributionCopyBCSymbolMapsStep because it said so
2018-10-31 03:26:37 +0000  Skipping step: IDEDistributionCopyBCSymbolMapsStep because it said so
2018-10-31 03:26:37 +0000  Skipping step: IDEDistributionCopyBCSymbolMapsStep because it said so
2018-10-31 03:26:37 +0000  Skipping step: IDEDistributionCopyBCSymbolMapsStep because it said so
2018-10-31 03:26:37 +0000  Skipping step: IDEDistributionCopyBCSymbolMapsStep because it said so
2018-10-31 03:26:37 +0000  Skipping step: IDEDistributionCopyBCSymbolMapsStep because it said so
2018-10-31 03:26:37 +0000  Skipping step: IDEDistributionCopyBCSymbolMapsStep because it said so
2018-10-31 03:26:37 +0000  Skipping step: IDEDistributionCopyBCSymbolMapsStep because it said so
2018-10-31 03:26:37 +0000  Skipping step: IDEDistributionCopyBCSymbolMapsStep because it said so
2018-10-31 03:26:37 +0000  Skipping step: IDEDistributionCopyBCSymbolMapsStep because it said so
2018-10-31 03:26:37 +0000  Processing step: IDEDistributionSymbolsStep
2018-10-31 03:26:37 +0000  Skipping step: IDEDistributionSymbolsStep because it said so
2018-10-31 03:26:37 +0000  Skipping step: IDEDistributionSymbolsStep because it said so
2018-10-31 03:26:37 +0000  Skipping step: IDEDistributionSymbolsStep because it said so
2018-10-31 03:26:37 +0000  Skipping step: IDEDistributionSymbolsStep because it said so
2018-10-31 03:26:37 +0000  Skipping step: IDEDistributionSymbolsStep because it said so
2018-10-31 03:26:37 +0000  Skipping step: IDEDistributionSymbolsStep because it said so
2018-10-31 03:26:37 +0000  Skipping step: IDEDistributionSymbolsStep because it said so
2018-10-31 03:26:37 +0000  Skipping step: IDEDistributionSymbolsStep because it said so
2018-10-31 03:26:37 +0000  Skipping step: IDEDistributionSymbolsStep because it said so
2018-10-31 03:26:37 +0000  Skipping step: IDEDistributionSymbolsStep because it said so
2018-10-31 03:26:37 +0000  Skipping step: IDEDistributionSymbolsStep because it said so
2018-10-31 03:26:37 +0000  Skipping step: IDEDistributionSymbolsStep because it said so
2018-10-31 03:26:37 +0000  Skipping step: IDEDistributionSymbolsStep because it said so
2018-10-31 03:26:37 +0000  Skipping step: IDEDistributionSymbolsStep because it said so
2018-10-31 03:26:37 +0000  Skipping step: IDEDistributionSymbolsStep because it said so
2018-10-31 03:26:37 +0000  Skipping step: IDEDistributionSymbolsStep because it said so
2018-10-31 03:26:37 +0000  Skipping step: IDEDistributionSymbolsStep because it said so
2018-10-31 03:26:37 +0000  Skipping step: IDEDistributionSymbolsStep because it said so
2018-10-31 03:26:37 +0000  Processing step: IDEDistributionAppThinningStep
2018-10-31 03:26:37 +0000  Skipping step: IDEDistributionAppThinningStep because it said so
2018-10-31 03:26:37 +0000  Processing step: IDEDistributionODRStep
2018-10-31 03:26:37 +0000  Processing step: IDEDistributionStripXattrsStep
2018-10-31 03:26:37 +0000  Skipping stripping extended attributes of item: <IDEDistributionItem: 0x7fc38a637a70 'com.apple.dt.runtime.swiftAppKit' '<DVTFilePath:0x7fc3887f0a90:'/Users/irinasklyarova/Library/Developer/Xcode/Archives/2018-10-31/AlpheiosApp 31-10-2018, 13.25.xcarchive/Products/Applications/AlpheiosApp.app/Contents/Frameworks/libswiftAppKit.dylib'>'>
2018-10-31 03:26:37 +0000  Skipping stripping extended attributes of item: <IDEDistributionItem: 0x7fc38a61eb30 'com.apple.dt.runtime.swiftCore' '<DVTFilePath:0x7fc38a26ead0:'/Users/irinasklyarova/Library/Developer/Xcode/Archives/2018-10-31/AlpheiosApp 31-10-2018, 13.25.xcarchive/Products/Applications/AlpheiosApp.app/Contents/Frameworks/libswiftCore.dylib'>'>
2018-10-31 03:26:37 +0000  Skipping stripping extended attributes of item: <IDEDistributionItem: 0x7fc38a377ca0 'com.apple.dt.runtime.swiftCoreData' '<DVTFilePath:0x7fc38a201d10:'/Users/irinasklyarova/Library/Developer/Xcode/Archives/2018-10-31/AlpheiosApp 31-10-2018, 13.25.xcarchive/Products/Applications/AlpheiosApp.app/Contents/Frameworks/libswiftCoreData.dylib'>'>
2018-10-31 03:26:37 +0000  Skipping stripping extended attributes of item: <IDEDistributionItem: 0x7fc38a624dc0 'com.apple.dt.runtime.swiftCoreFoundation' '<DVTFilePath:0x7fc38a41fd90:'/Users/irinasklyarova/Library/Developer/Xcode/Archives/2018-10-31/AlpheiosApp 31-10-2018, 13.25.xcarchive/Products/Applications/AlpheiosApp.app/Contents/Frameworks/libswiftCoreFoundation.dylib'>'>
2018-10-31 03:26:37 +0000  Skipping stripping extended attributes of item: <IDEDistributionItem: 0x7fc38a649610 'com.apple.dt.runtime.swiftCoreGraphics' '<DVTFilePath:0x7fc38a416f60:'/Users/irinasklyarova/Library/Developer/Xcode/Archives/2018-10-31/AlpheiosApp 31-10-2018, 13.25.xcarchive/Products/Applications/AlpheiosApp.app/Contents/Frameworks/libswiftCoreGraphics.dylib'>'>
2018-10-31 03:26:37 +0000  Skipping stripping extended attributes of item: <IDEDistributionItem: 0x7fc38a6473e0 'com.apple.dt.runtime.swiftCoreImage' '<DVTFilePath:0x7fc3887c0350:'/Users/irinasklyarova/Library/Developer/Xcode/Archives/2018-10-31/AlpheiosApp 31-10-2018, 13.25.xcarchive/Products/Applications/AlpheiosApp.app/Contents/Frameworks/libswiftCoreImage.dylib'>'>
2018-10-31 03:26:37 +0000  Skipping stripping extended attributes of item: <IDEDistributionItem: 0x7fc38a33f9d0 'com.apple.dt.runtime.swiftDarwin' '<DVTFilePath:0x7fc38a41be60:'/Users/irinasklyarova/Library/Developer/Xcode/Archives/2018-10-31/AlpheiosApp 31-10-2018, 13.25.xcarchive/Products/Applications/AlpheiosApp.app/Contents/Frameworks/libswiftDarwin.dylib'>'>
2018-10-31 03:26:37 +0000  Skipping stripping extended attributes of item: <IDEDistributionItem: 0x7fc38a631840 'com.apple.dt.runtime.swiftDispatch' '<DVTFilePath:0x7fc38a277f00:'/Users/irinasklyarova/Library/Developer/Xcode/Archives/2018-10-31/AlpheiosApp 31-10-2018, 13.25.xcarchive/Products/Applications/AlpheiosApp.app/Contents/Frameworks/libswiftDispatch.dylib'>'>
2018-10-31 03:26:37 +0000  Skipping stripping extended attributes of item: <IDEDistributionItem: 0x7fc38a620cc0 'com.apple.dt.runtime.swiftFoundation' '<DVTFilePath:0x7fc38a41c8d0:'/Users/irinasklyarova/Library/Developer/Xcode/Archives/2018-10-31/AlpheiosApp 31-10-2018, 13.25.xcarchive/Products/Applications/AlpheiosApp.app/Contents/Frameworks/libswiftFoundation.dylib'>'>
2018-10-31 03:26:37 +0000  Skipping stripping extended attributes of item: <IDEDistributionItem: 0x7fc38a033f00 'com.apple.dt.runtime.swiftIOKit' '<DVTFilePath:0x7fc38a29f9a0:'/Users/irinasklyarova/Library/Developer/Xcode/Archives/2018-10-31/AlpheiosApp 31-10-2018, 13.25.xcarchive/Products/Applications/AlpheiosApp.app/Contents/Frameworks/libswiftIOKit.dylib'>'>
2018-10-31 03:26:37 +0000  Skipping stripping extended attributes of item: <IDEDistributionItem: 0x7fc38a660450 'com.apple.dt.runtime.swiftMetal' '<DVTFilePath:0x7fc38a440600:'/Users/irinasklyarova/Library/Developer/Xcode/Archives/2018-10-31/AlpheiosApp 31-10-2018, 13.25.xcarchive/Products/Applications/AlpheiosApp.app/Contents/Frameworks/libswiftMetal.dylib'>'>
2018-10-31 03:26:37 +0000  Skipping stripping extended attributes of item: <IDEDistributionItem: 0x7fc38a6514b0 'com.apple.dt.runtime.swiftObjectiveC' '<DVTFilePath:0x7fc3887d78a0:'/Users/irinasklyarova/Library/Developer/Xcode/Archives/2018-10-31/AlpheiosApp 31-10-2018, 13.25.xcarchive/Products/Applications/AlpheiosApp.app/Contents/Frameworks/libswiftObjectiveC.dylib'>'>
2018-10-31 03:26:37 +0000  Skipping stripping extended attributes of item: <IDEDistributionItem: 0x7fc38a637550 'com.apple.dt.runtime.swiftQuartzCore' '<DVTFilePath:0x7fc3885c89c0:'/Users/irinasklyarova/Library/Developer/Xcode/Archives/2018-10-31/AlpheiosApp 31-10-2018, 13.25.xcarchive/Products/Applications/AlpheiosApp.app/Contents/Frameworks/libswiftQuartzCore.dylib'>'>
2018-10-31 03:26:37 +0000  Skipping stripping extended attributes of item: <IDEDistributionItem: 0x7fc38a36c140 'com.apple.dt.runtime.swiftSafariServices' '<DVTFilePath:0x7fc38a40fb00:'/Users/irinasklyarova/Library/Developer/Xcode/Archives/2018-10-31/AlpheiosApp 31-10-2018, 13.25.xcarchive/Products/Applications/AlpheiosApp.app/Contents/Frameworks/libswiftSafariServices.dylib'>'>
2018-10-31 03:26:37 +0000  Skipping stripping extended attributes of item: <IDEDistributionItem: 0x7fc38a6574d0 'com.apple.dt.runtime.swiftXPC' '<DVTFilePath:0x7fc38a41fe40:'/Users/irinasklyarova/Library/Developer/Xcode/Archives/2018-10-31/AlpheiosApp 31-10-2018, 13.25.xcarchive/Products/Applications/AlpheiosApp.app/Contents/Frameworks/libswiftXPC.dylib'>'>
2018-10-31 03:26:37 +0000  Skipping stripping extended attributes of item: <IDEDistributionItem: 0x7fc38a6563f0 'com.apple.dt.runtime.swiftos' '<DVTFilePath:0x7fc38a410980:'/Users/irinasklyarova/Library/Developer/Xcode/Archives/2018-10-31/AlpheiosApp 31-10-2018, 13.25.xcarchive/Products/Applications/AlpheiosApp.app/Contents/Frameworks/libswiftos.dylib'>'>
2018-10-31 03:26:37 +0000  Skipping stripping extended attributes of item: <IDEDistributionItem: 0x7fc38a44df60 'net.alpheios.webextension.safari' '<DVTFilePath:0x7fc38a1ebfd0:'/Users/irinasklyarova/Library/Developer/Xcode/Archives/2018-10-31/AlpheiosApp 31-10-2018, 13.25.xcarchive/Products/Applications/AlpheiosApp.app/Contents/PlugIns/AlpheiosSafari.appex'>'>
2018-10-31 03:26:37 +0000  Running /usr/bin/xattr '-crs' '/var/folders/35/ql4xq3z1295060r1z2xjntw80000gn/T/XcodeDistPipeline.tJg/Root/Applications/AlpheiosApp.app'
2018-10-31 03:26:37 +0000  /usr/bin/xattr exited with 0
2018-10-31 03:26:37 +0000  Processing step: IDEDistributionCodesignStep
2018-10-31 03:26:37 +0000  Entitlements for <IDEDistributionItem: 0x7fc38a637a70 'com.apple.dt.runtime.swiftAppKit' '<DVTFilePath:0x7fc3887f0a90:'/Users/irinasklyarova/Library/Developer/Xcode/Archives/2018-10-31/AlpheiosApp 31-10-2018, 13.25.xcarchive/Products/Applications/AlpheiosApp.app/Contents/Frameworks/libswiftAppKit.dylib'>'>: {
}
2018-10-31 03:26:37 +0000  Writing entitlements for <IDEDistributionItem: 0x7fc38a637a70 'com.apple.dt.runtime.swiftAppKit' '<DVTFilePath:0x7fc3887f0a90:'/Users/irinasklyarova/Library/Developer/Xcode/Archives/2018-10-31/AlpheiosApp 31-10-2018, 13.25.xcarchive/Products/Applications/AlpheiosApp.app/Contents/Frameworks/libswiftAppKit.dylib'>'> to: /var/folders/35/ql4xq3z1295060r1z2xjntw80000gn/T/XcodeDistPipeline.tJg/entitlementse2yXxN
2018-10-31 03:26:37 +0000  Running /usr/bin/codesign '-vvv' '--force' '--sign' '97C7FFE46B510D0650777DFD99E711EB06C7ED81' '--entitlements' '/var/folders/35/ql4xq3z1295060r1z2xjntw80000gn/T/XcodeDistPipeline.tJg/entitlementse2yXxN' '--preserve-metadata=identifier,flags,runtime' '/var/folders/35/ql4xq3z1295060r1z2xjntw80000gn/T/XcodeDistPipeline.tJg/Root/Applications/AlpheiosApp.app/Contents/Frameworks/libswiftAppKit.dylib'
2018-10-31 03:26:37 +0000  /var/folders/35/ql4xq3z1295060r1z2xjntw80000gn/T/XcodeDistPipeline.tJg/Root/Applications/AlpheiosApp.app/Contents/Frameworks/libswiftAppKit.dylib: replacing existing signature
2018-10-31 03:26:37 +0000  /var/folders/35/ql4xq3z1295060r1z2xjntw80000gn/T/XcodeDistPipeline.tJg/Root/Applications/AlpheiosApp.app/Contents/Frameworks/libswiftAppKit.dylib: signed Mach-O thin (x86_64) [com.apple.dt.runtime.swiftAppKit]
2018-10-31 03:26:37 +0000  /usr/bin/codesign exited with 0
2018-10-31 03:26:37 +0000  Entitlements for <IDEDistributionItem: 0x7fc38a61eb30 'com.apple.dt.runtime.swiftCore' '<DVTFilePath:0x7fc38a26ead0:'/Users/irinasklyarova/Library/Developer/Xcode/Archives/2018-10-31/AlpheiosApp 31-10-2018, 13.25.xcarchive/Products/Applications/AlpheiosApp.app/Contents/Frameworks/libswiftCore.dylib'>'>: {
}
2018-10-31 03:26:37 +0000  Writing entitlements for <IDEDistributionItem: 0x7fc38a61eb30 'com.apple.dt.runtime.swiftCore' '<DVTFilePath:0x7fc38a26ead0:'/Users/irinasklyarova/Library/Developer/Xcode/Archives/2018-10-31/AlpheiosApp 31-10-2018, 13.25.xcarchive/Products/Applications/AlpheiosApp.app/Contents/Frameworks/libswiftCore.dylib'>'> to: /var/folders/35/ql4xq3z1295060r1z2xjntw80000gn/T/XcodeDistPipeline.tJg/entitlementsbeUEhi
2018-10-31 03:26:37 +0000  Running /usr/bin/codesign '-vvv' '--force' '--sign' '97C7FFE46B510D0650777DFD99E711EB06C7ED81' '--entitlements' '/var/folders/35/ql4xq3z1295060r1z2xjntw80000gn/T/XcodeDistPipeline.tJg/entitlementsbeUEhi' '--preserve-metadata=identifier,flags,runtime' '/var/folders/35/ql4xq3z1295060r1z2xjntw80000gn/T/XcodeDistPipeline.tJg/Root/Applications/AlpheiosApp.app/Contents/Frameworks/libswiftCore.dylib'
2018-10-31 03:26:37 +0000  /var/folders/35/ql4xq3z1295060r1z2xjntw80000gn/T/XcodeDistPipeline.tJg/Root/Applications/AlpheiosApp.app/Contents/Frameworks/libswiftCore.dylib: replacing existing signature
2018-10-31 03:26:37 +0000  /var/folders/35/ql4xq3z1295060r1z2xjntw80000gn/T/XcodeDistPipeline.tJg/Root/Applications/AlpheiosApp.app/Contents/Frameworks/libswiftCore.dylib: signed Mach-O thin (x86_64) [com.apple.dt.runtime.swiftCore]
2018-10-31 03:26:37 +0000  /usr/bin/codesign exited with 0
2018-10-31 03:26:37 +0000  Entitlements for <IDEDistributionItem: 0x7fc38a377ca0 'com.apple.dt.runtime.swiftCoreData' '<DVTFilePath:0x7fc38a201d10:'/Users/irinasklyarova/Library/Developer/Xcode/Archives/2018-10-31/AlpheiosApp 31-10-2018, 13.25.xcarchive/Products/Applications/AlpheiosApp.app/Contents/Frameworks/libswiftCoreData.dylib'>'>: {
}
2018-10-31 03:26:37 +0000  Writing entitlements for <IDEDistributionItem: 0x7fc38a377ca0 'com.apple.dt.runtime.swiftCoreData' '<DVTFilePath:0x7fc38a201d10:'/Users/irinasklyarova/Library/Developer/Xcode/Archives/2018-10-31/AlpheiosApp 31-10-2018, 13.25.xcarchive/Products/Applications/AlpheiosApp.app/Contents/Frameworks/libswiftCoreData.dylib'>'> to: /var/folders/35/ql4xq3z1295060r1z2xjntw80000gn/T/XcodeDistPipeline.tJg/entitlementsbfGR6T
2018-10-31 03:26:37 +0000  Running /usr/bin/codesign '-vvv' '--force' '--sign' '97C7FFE46B510D0650777DFD99E711EB06C7ED81' '--entitlements' '/var/folders/35/ql4xq3z1295060r1z2xjntw80000gn/T/XcodeDistPipeline.tJg/entitlementsbfGR6T' '--preserve-metadata=identifier,flags,runtime' '/var/folders/35/ql4xq3z1295060r1z2xjntw80000gn/T/XcodeDistPipeline.tJg/Root/Applications/AlpheiosApp.app/Contents/Frameworks/libswiftCoreData.dylib'
2018-10-31 03:26:38 +0000  /var/folders/35/ql4xq3z1295060r1z2xjntw80000gn/T/XcodeDistPipeline.tJg/Root/Applications/AlpheiosApp.app/Contents/Frameworks/libswiftCoreData.dylib: replacing existing signature
2018-10-31 03:26:38 +0000  /var/folders/35/ql4xq3z1295060r1z2xjntw80000gn/T/XcodeDistPipeline.tJg/Root/Applications/AlpheiosApp.app/Contents/Frameworks/libswiftCoreData.dylib: signed Mach-O thin (x86_64) [com.apple.dt.runtime.swiftCoreData]
2018-10-31 03:26:38 +0000  /usr/bin/codesign exited with 0
2018-10-31 03:26:38 +0000  Entitlements for <IDEDistributionItem: 0x7fc38a624dc0 'com.apple.dt.runtime.swiftCoreFoundation' '<DVTFilePath:0x7fc38a41fd90:'/Users/irinasklyarova/Library/Developer/Xcode/Archives/2018-10-31/AlpheiosApp 31-10-2018, 13.25.xcarchive/Products/Applications/AlpheiosApp.app/Contents/Frameworks/libswiftCoreFoundation.dylib'>'>: {
}
2018-10-31 03:26:38 +0000  Writing entitlements for <IDEDistributionItem: 0x7fc38a624dc0 'com.apple.dt.runtime.swiftCoreFoundation' '<DVTFilePath:0x7fc38a41fd90:'/Users/irinasklyarova/Library/Developer/Xcode/Archives/2018-10-31/AlpheiosApp 31-10-2018, 13.25.xcarchive/Products/Applications/AlpheiosApp.app/Contents/Frameworks/libswiftCoreFoundation.dylib'>'> to: /var/folders/35/ql4xq3z1295060r1z2xjntw80000gn/T/XcodeDistPipeline.tJg/entitlementsTleM7s
2018-10-31 03:26:38 +0000  Running /usr/bin/codesign '-vvv' '--force' '--sign' '97C7FFE46B510D0650777DFD99E711EB06C7ED81' '--entitlements' '/var/folders/35/ql4xq3z1295060r1z2xjntw80000gn/T/XcodeDistPipeline.tJg/entitlementsTleM7s' '--preserve-metadata=identifier,flags,runtime' '/var/folders/35/ql4xq3z1295060r1z2xjntw80000gn/T/XcodeDistPipeline.tJg/Root/Applications/AlpheiosApp.app/Contents/Frameworks/libswiftCoreFoundation.dylib'
2018-10-31 03:26:38 +0000  /var/folders/35/ql4xq3z1295060r1z2xjntw80000gn/T/XcodeDistPipeline.tJg/Root/Applications/AlpheiosApp.app/Contents/Frameworks/libswiftCoreFoundation.dylib: replacing existing signature
2018-10-31 03:26:38 +0000  /var/folders/35/ql4xq3z1295060r1z2xjntw80000gn/T/XcodeDistPipeline.tJg/Root/Applications/AlpheiosApp.app/Contents/Frameworks/libswiftCoreFoundation.dylib: signed Mach-O thin (x86_64) [com.apple.dt.runtime.swiftCoreFoundation]
2018-10-31 03:26:38 +0000  /usr/bin/codesign exited with 0
2018-10-31 03:26:38 +0000  Entitlements for <IDEDistributionItem: 0x7fc38a649610 'com.apple.dt.runtime.swiftCoreGraphics' '<DVTFilePath:0x7fc38a416f60:'/Users/irinasklyarova/Library/Developer/Xcode/Archives/2018-10-31/AlpheiosApp 31-10-2018, 13.25.xcarchive/Products/Applications/AlpheiosApp.app/Contents/Frameworks/libswiftCoreGraphics.dylib'>'>: {
}
2018-10-31 03:26:38 +0000  Writing entitlements for <IDEDistributionItem: 0x7fc38a649610 'com.apple.dt.runtime.swiftCoreGraphics' '<DVTFilePath:0x7fc38a416f60:'/Users/irinasklyarova/Library/Developer/Xcode/Archives/2018-10-31/AlpheiosApp 31-10-2018, 13.25.xcarchive/Products/Applications/AlpheiosApp.app/Contents/Frameworks/libswiftCoreGraphics.dylib'>'> to: /var/folders/35/ql4xq3z1295060r1z2xjntw80000gn/T/XcodeDistPipeline.tJg/entitlementsi1NDo2
2018-10-31 03:26:38 +0000  Running /usr/bin/codesign '-vvv' '--force' '--sign' '97C7FFE46B510D0650777DFD99E711EB06C7ED81' '--entitlements' '/var/folders/35/ql4xq3z1295060r1z2xjntw80000gn/T/XcodeDistPipeline.tJg/entitlementsi1NDo2' '--preserve-metadata=identifier,flags,runtime' '/var/folders/35/ql4xq3z1295060r1z2xjntw80000gn/T/XcodeDistPipeline.tJg/Root/Applications/AlpheiosApp.app/Contents/Frameworks/libswiftCoreGraphics.dylib'
2018-10-31 03:26:38 +0000  /var/folders/35/ql4xq3z1295060r1z2xjntw80000gn/T/XcodeDistPipeline.tJg/Root/Applications/AlpheiosApp.app/Contents/Frameworks/libswiftCoreGraphics.dylib: replacing existing signature
2018-10-31 03:26:38 +0000  /var/folders/35/ql4xq3z1295060r1z2xjntw80000gn/T/XcodeDistPipeline.tJg/Root/Applications/AlpheiosApp.app/Contents/Frameworks/libswiftCoreGraphics.dylib: signed Mach-O thin (x86_64) [com.apple.dt.runtime.swiftCoreGraphics]
2018-10-31 03:26:38 +0000  /usr/bin/codesign exited with 0
2018-10-31 03:26:38 +0000  Entitlements for <IDEDistributionItem: 0x7fc38a6473e0 'com.apple.dt.runtime.swiftCoreImage' '<DVTFilePath:0x7fc3887c0350:'/Users/irinasklyarova/Library/Developer/Xcode/Archives/2018-10-31/AlpheiosApp 31-10-2018, 13.25.xcarchive/Products/Applications/AlpheiosApp.app/Contents/Frameworks/libswiftCoreImage.dylib'>'>: {
}
2018-10-31 03:26:38 +0000  Writing entitlements for <IDEDistributionItem: 0x7fc38a6473e0 'com.apple.dt.runtime.swiftCoreImage' '<DVTFilePath:0x7fc3887c0350:'/Users/irinasklyarova/Library/Developer/Xcode/Archives/2018-10-31/AlpheiosApp 31-10-2018, 13.25.xcarchive/Products/Applications/AlpheiosApp.app/Contents/Frameworks/libswiftCoreImage.dylib'>'> to: /var/folders/35/ql4xq3z1295060r1z2xjntw80000gn/T/XcodeDistPipeline.tJg/entitlements4s47QD
2018-10-31 03:26:38 +0000  Running /usr/bin/codesign '-vvv' '--force' '--sign' '97C7FFE46B510D0650777DFD99E711EB06C7ED81' '--entitlements' '/var/folders/35/ql4xq3z1295060r1z2xjntw80000gn/T/XcodeDistPipeline.tJg/entitlements4s47QD' '--preserve-metadata=identifier,flags,runtime' '/var/folders/35/ql4xq3z1295060r1z2xjntw80000gn/T/XcodeDistPipeline.tJg/Root/Applications/AlpheiosApp.app/Contents/Frameworks/libswiftCoreImage.dylib'
2018-10-31 03:26:38 +0000  /var/folders/35/ql4xq3z1295060r1z2xjntw80000gn/T/XcodeDistPipeline.tJg/Root/Applications/AlpheiosApp.app/Contents/Frameworks/libswiftCoreImage.dylib: replacing existing signature
2018-10-31 03:26:38 +0000  /var/folders/35/ql4xq3z1295060r1z2xjntw80000gn/T/XcodeDistPipeline.tJg/Root/Applications/AlpheiosApp.app/Contents/Frameworks/libswiftCoreImage.dylib: signed Mach-O thin (x86_64) [com.apple.dt.runtime.swiftCoreImage]
2018-10-31 03:26:38 +0000  /usr/bin/codesign exited with 0
2018-10-31 03:26:38 +0000  Entitlements for <IDEDistributionItem: 0x7fc38a33f9d0 'com.apple.dt.runtime.swiftDarwin' '<DVTFilePath:0x7fc38a41be60:'/Users/irinasklyarova/Library/Developer/Xcode/Archives/2018-10-31/AlpheiosApp 31-10-2018, 13.25.xcarchive/Products/Applications/AlpheiosApp.app/Contents/Frameworks/libswiftDarwin.dylib'>'>: {
}
2018-10-31 03:26:38 +0000  Writing entitlements for <IDEDistributionItem: 0x7fc38a33f9d0 'com.apple.dt.runtime.swiftDarwin' '<DVTFilePath:0x7fc38a41be60:'/Users/irinasklyarova/Library/Developer/Xcode/Archives/2018-10-31/AlpheiosApp 31-10-2018, 13.25.xcarchive/Products/Applications/AlpheiosApp.app/Contents/Frameworks/libswiftDarwin.dylib'>'> to: /var/folders/35/ql4xq3z1295060r1z2xjntw80000gn/T/XcodeDistPipeline.tJg/entitlementsueuSlp
2018-10-31 03:26:38 +0000  Running /usr/bin/codesign '-vvv' '--force' '--sign' '97C7FFE46B510D0650777DFD99E711EB06C7ED81' '--entitlements' '/var/folders/35/ql4xq3z1295060r1z2xjntw80000gn/T/XcodeDistPipeline.tJg/entitlementsueuSlp' '--preserve-metadata=identifier,flags,runtime' '/var/folders/35/ql4xq3z1295060r1z2xjntw80000gn/T/XcodeDistPipeline.tJg/Root/Applications/AlpheiosApp.app/Contents/Frameworks/libswiftDarwin.dylib'
2018-10-31 03:26:38 +0000  /var/folders/35/ql4xq3z1295060r1z2xjntw80000gn/T/XcodeDistPipeline.tJg/Root/Applications/AlpheiosApp.app/Contents/Frameworks/libswiftDarwin.dylib: replacing existing signature
2018-10-31 03:26:38 +0000  /var/folders/35/ql4xq3z1295060r1z2xjntw80000gn/T/XcodeDistPipeline.tJg/Root/Applications/AlpheiosApp.app/Contents/Frameworks/libswiftDarwin.dylib: signed Mach-O thin (x86_64) [com.apple.dt.runtime.swiftDarwin]
2018-10-31 03:26:38 +0000  /usr/bin/codesign exited with 0
2018-10-31 03:26:38 +0000  Entitlements for <IDEDistributionItem: 0x7fc38a631840 'com.apple.dt.runtime.swiftDispatch' '<DVTFilePath:0x7fc38a277f00:'/Users/irinasklyarova/Library/Developer/Xcode/Archives/2018-10-31/AlpheiosApp 31-10-2018, 13.25.xcarchive/Products/Applications/AlpheiosApp.app/Contents/Frameworks/libswiftDispatch.dylib'>'>: {
}
2018-10-31 03:26:38 +0000  Writing entitlements for <IDEDistributionItem: 0x7fc38a631840 'com.apple.dt.runtime.swiftDispatch' '<DVTFilePath:0x7fc38a277f00:'/Users/irinasklyarova/Library/Developer/Xcode/Archives/2018-10-31/AlpheiosApp 31-10-2018, 13.25.xcarchive/Products/Applications/AlpheiosApp.app/Contents/Frameworks/libswiftDispatch.dylib'>'> to: /var/folders/35/ql4xq3z1295060r1z2xjntw80000gn/T/XcodeDistPipeline.tJg/entitlementsbx515b
2018-10-31 03:26:38 +0000  Running /usr/bin/codesign '-vvv' '--force' '--sign' '97C7FFE46B510D0650777DFD99E711EB06C7ED81' '--entitlements' '/var/folders/35/ql4xq3z1295060r1z2xjntw80000gn/T/XcodeDistPipeline.tJg/entitlementsbx515b' '--preserve-metadata=identifier,flags,runtime' '/var/folders/35/ql4xq3z1295060r1z2xjntw80000gn/T/XcodeDistPipeline.tJg/Root/Applications/AlpheiosApp.app/Contents/Frameworks/libswiftDispatch.dylib'
2018-10-31 03:26:38 +0000  /var/folders/35/ql4xq3z1295060r1z2xjntw80000gn/T/XcodeDistPipeline.tJg/Root/Applications/AlpheiosApp.app/Contents/Frameworks/libswiftDispatch.dylib: replacing existing signature
2018-10-31 03:26:38 +0000  /var/folders/35/ql4xq3z1295060r1z2xjntw80000gn/T/XcodeDistPipeline.tJg/Root/Applications/AlpheiosApp.app/Contents/Frameworks/libswiftDispatch.dylib: signed Mach-O thin (x86_64) [com.apple.dt.runtime.swiftDispatch]
2018-10-31 03:26:38 +0000  /usr/bin/codesign exited with 0
2018-10-31 03:26:38 +0000  Entitlements for <IDEDistributionItem: 0x7fc38a620cc0 'com.apple.dt.runtime.swiftFoundation' '<DVTFilePath:0x7fc38a41c8d0:'/Users/irinasklyarova/Library/Developer/Xcode/Archives/2018-10-31/AlpheiosApp 31-10-2018, 13.25.xcarchive/Products/Applications/AlpheiosApp.app/Contents/Frameworks/libswiftFoundation.dylib'>'>: {
}
2018-10-31 03:26:38 +0000  Writing entitlements for <IDEDistributionItem: 0x7fc38a620cc0 'com.apple.dt.runtime.swiftFoundation' '<DVTFilePath:0x7fc38a41c8d0:'/Users/irinasklyarova/Library/Developer/Xcode/Archives/2018-10-31/AlpheiosApp 31-10-2018, 13.25.xcarchive/Products/Applications/AlpheiosApp.app/Contents/Frameworks/libswiftFoundation.dylib'>'> to: /var/folders/35/ql4xq3z1295060r1z2xjntw80000gn/T/XcodeDistPipeline.tJg/entitlements3xA2oZ
2018-10-31 03:26:38 +0000  Running /usr/bin/codesign '-vvv' '--force' '--sign' '97C7FFE46B510D0650777DFD99E711EB06C7ED81' '--entitlements' '/var/folders/35/ql4xq3z1295060r1z2xjntw80000gn/T/XcodeDistPipeline.tJg/entitlements3xA2oZ' '--preserve-metadata=identifier,flags,runtime' '/var/folders/35/ql4xq3z1295060r1z2xjntw80000gn/T/XcodeDistPipeline.tJg/Root/Applications/AlpheiosApp.app/Contents/Frameworks/libswiftFoundation.dylib'
2018-10-31 03:26:38 +0000  /var/folders/35/ql4xq3z1295060r1z2xjntw80000gn/T/XcodeDistPipeline.tJg/Root/Applications/AlpheiosApp.app/Contents/Frameworks/libswiftFoundation.dylib: replacing existing signature
2018-10-31 03:26:38 +0000  /var/folders/35/ql4xq3z1295060r1z2xjntw80000gn/T/XcodeDistPipeline.tJg/Root/Applications/AlpheiosApp.app/Contents/Frameworks/libswiftFoundation.dylib: signed Mach-O thin (x86_64) [com.apple.dt.runtime.swiftFoundation]
2018-10-31 03:26:38 +0000  /usr/bin/codesign exited with 0
2018-10-31 03:26:38 +0000  Entitlements for <IDEDistributionItem: 0x7fc38a033f00 'com.apple.dt.runtime.swiftIOKit' '<DVTFilePath:0x7fc38a29f9a0:'/Users/irinasklyarova/Library/Developer/Xcode/Archives/2018-10-31/AlpheiosApp 31-10-2018, 13.25.xcarchive/Products/Applications/AlpheiosApp.app/Contents/Frameworks/libswiftIOKit.dylib'>'>: {
}
2018-10-31 03:26:38 +0000  Writing entitlements for <IDEDistributionItem: 0x7fc38a033f00 'com.apple.dt.runtime.swiftIOKit' '<DVTFilePath:0x7fc38a29f9a0:'/Users/irinasklyarova/Library/Developer/Xcode/Archives/2018-10-31/AlpheiosApp 31-10-2018, 13.25.xcarchive/Products/Applications/AlpheiosApp.app/Contents/Frameworks/libswiftIOKit.dylib'>'> to: /var/folders/35/ql4xq3z1295060r1z2xjntw80000gn/T/XcodeDistPipeline.tJg/entitlementsspIwzh
2018-10-31 03:26:38 +0000  Running /usr/bin/codesign '-vvv' '--force' '--sign' '97C7FFE46B510D0650777DFD99E711EB06C7ED81' '--entitlements' '/var/folders/35/ql4xq3z1295060r1z2xjntw80000gn/T/XcodeDistPipeline.tJg/entitlementsspIwzh' '--preserve-metadata=identifier,flags,runtime' '/var/folders/35/ql4xq3z1295060r1z2xjntw80000gn/T/XcodeDistPipeline.tJg/Root/Applications/AlpheiosApp.app/Contents/Frameworks/libswiftIOKit.dylib'
2018-10-31 03:26:38 +0000  /var/folders/35/ql4xq3z1295060r1z2xjntw80000gn/T/XcodeDistPipeline.tJg/Root/Applications/AlpheiosApp.app/Contents/Frameworks/libswiftIOKit.dylib: replacing existing signature
2018-10-31 03:26:38 +0000  /var/folders/35/ql4xq3z1295060r1z2xjntw80000gn/T/XcodeDistPipeline.tJg/Root/Applications/AlpheiosApp.app/Contents/Frameworks/libswiftIOKit.dylib: signed Mach-O thin (x86_64) [com.apple.dt.runtime.swiftIOKit]
2018-10-31 03:26:38 +0000  /usr/bin/codesign exited with 0
2018-10-31 03:26:38 +0000  Entitlements for <IDEDistributionItem: 0x7fc38a660450 'com.apple.dt.runtime.swiftMetal' '<DVTFilePath:0x7fc38a440600:'/Users/irinasklyarova/Library/Developer/Xcode/Archives/2018-10-31/AlpheiosApp 31-10-2018, 13.25.xcarchive/Products/Applications/AlpheiosApp.app/Contents/Frameworks/libswiftMetal.dylib'>'>: {
}
2018-10-31 03:26:38 +0000  Writing entitlements for <IDEDistributionItem: 0x7fc38a660450 'com.apple.dt.runtime.swiftMetal' '<DVTFilePath:0x7fc38a440600:'/Users/irinasklyarova/Library/Developer/Xcode/Archives/2018-10-31/AlpheiosApp 31-10-2018, 13.25.xcarchive/Products/Applications/AlpheiosApp.app/Contents/Frameworks/libswiftMetal.dylib'>'> to: /var/folders/35/ql4xq3z1295060r1z2xjntw80000gn/T/XcodeDistPipeline.tJg/entitlements1aW5Ci
2018-10-31 03:26:38 +0000  Running /usr/bin/codesign '-vvv' '--force' '--sign' '97C7FFE46B510D0650777DFD99E711EB06C7ED81' '--entitlements' '/var/folders/35/ql4xq3z1295060r1z2xjntw80000gn/T/XcodeDistPipeline.tJg/entitlements1aW5Ci' '--preserve-metadata=identifier,flags,runtime' '/var/folders/35/ql4xq3z1295060r1z2xjntw80000gn/T/XcodeDistPipeline.tJg/Root/Applications/AlpheiosApp.app/Contents/Frameworks/libswiftMetal.dylib'
2018-10-31 03:26:38 +0000  /var/folders/35/ql4xq3z1295060r1z2xjntw80000gn/T/XcodeDistPipeline.tJg/Root/Applications/AlpheiosApp.app/Contents/Frameworks/libswiftMetal.dylib: replacing existing signature
2018-10-31 03:26:38 +0000  /var/folders/35/ql4xq3z1295060r1z2xjntw80000gn/T/XcodeDistPipeline.tJg/Root/Applications/AlpheiosApp.app/Contents/Frameworks/libswiftMetal.dylib: signed Mach-O thin (x86_64) [com.apple.dt.runtime.swiftMetal]
2018-10-31 03:26:38 +0000  /usr/bin/codesign exited with 0
2018-10-31 03:26:38 +0000  Entitlements for <IDEDistributionItem: 0x7fc38a6514b0 'com.apple.dt.runtime.swiftObjectiveC' '<DVTFilePath:0x7fc3887d78a0:'/Users/irinasklyarova/Library/Developer/Xcode/Archives/2018-10-31/AlpheiosApp 31-10-2018, 13.25.xcarchive/Products/Applications/AlpheiosApp.app/Contents/Frameworks/libswiftObjectiveC.dylib'>'>: {
}
2018-10-31 03:26:38 +0000  Writing entitlements for <IDEDistributionItem: 0x7fc38a6514b0 'com.apple.dt.runtime.swiftObjectiveC' '<DVTFilePath:0x7fc3887d78a0:'/Users/irinasklyarova/Library/Developer/Xcode/Archives/2018-10-31/AlpheiosApp 31-10-2018, 13.25.xcarchive/Products/Applications/AlpheiosApp.app/Contents/Frameworks/libswiftObjectiveC.dylib'>'> to: /var/folders/35/ql4xq3z1295060r1z2xjntw80000gn/T/XcodeDistPipeline.tJg/entitlementsQGpXN4
2018-10-31 03:26:38 +0000  Running /usr/bin/codesign '-vvv' '--force' '--sign' '97C7FFE46B510D0650777DFD99E711EB06C7ED81' '--entitlements' '/var/folders/35/ql4xq3z1295060r1z2xjntw80000gn/T/XcodeDistPipeline.tJg/entitlementsQGpXN4' '--preserve-metadata=identifier,flags,runtime' '/var/folders/35/ql4xq3z1295060r1z2xjntw80000gn/T/XcodeDistPipeline.tJg/Root/Applications/AlpheiosApp.app/Contents/Frameworks/libswiftObjectiveC.dylib'
2018-10-31 03:26:38 +0000  /var/folders/35/ql4xq3z1295060r1z2xjntw80000gn/T/XcodeDistPipeline.tJg/Root/Applications/AlpheiosApp.app/Contents/Frameworks/libswiftObjectiveC.dylib: replacing existing signature
2018-10-31 03:26:38 +0000  /var/folders/35/ql4xq3z1295060r1z2xjntw80000gn/T/XcodeDistPipeline.tJg/Root/Applications/AlpheiosApp.app/Contents/Frameworks/libswiftObjectiveC.dylib: signed Mach-O thin (x86_64) [com.apple.dt.runtime.swiftObjectiveC]
2018-10-31 03:26:38 +0000  /usr/bin/codesign exited with 0
2018-10-31 03:26:38 +0000  Entitlements for <IDEDistributionItem: 0x7fc38a637550 'com.apple.dt.runtime.swiftQuartzCore' '<DVTFilePath:0x7fc3885c89c0:'/Users/irinasklyarova/Library/Developer/Xcode/Archives/2018-10-31/AlpheiosApp 31-10-2018, 13.25.xcarchive/Products/Applications/AlpheiosApp.app/Contents/Frameworks/libswiftQuartzCore.dylib'>'>: {
}
2018-10-31 03:26:38 +0000  Writing entitlements for <IDEDistributionItem: 0x7fc38a637550 'com.apple.dt.runtime.swiftQuartzCore' '<DVTFilePath:0x7fc3885c89c0:'/Users/irinasklyarova/Library/Developer/Xcode/Archives/2018-10-31/AlpheiosApp 31-10-2018, 13.25.xcarchive/Products/Applications/AlpheiosApp.app/Contents/Frameworks/libswiftQuartzCore.dylib'>'> to: /var/folders/35/ql4xq3z1295060r1z2xjntw80000gn/T/XcodeDistPipeline.tJg/entitlementscTt9hz
2018-10-31 03:26:38 +0000  Running /usr/bin/codesign '-vvv' '--force' '--sign' '97C7FFE46B510D0650777DFD99E711EB06C7ED81' '--entitlements' '/var/folders/35/ql4xq3z1295060r1z2xjntw80000gn/T/XcodeDistPipeline.tJg/entitlementscTt9hz' '--preserve-metadata=identifier,flags,runtime' '/var/folders/35/ql4xq3z1295060r1z2xjntw80000gn/T/XcodeDistPipeline.tJg/Root/Applications/AlpheiosApp.app/Contents/Frameworks/libswiftQuartzCore.dylib'
2018-10-31 03:26:38 +0000  /var/folders/35/ql4xq3z1295060r1z2xjntw80000gn/T/XcodeDistPipeline.tJg/Root/Applications/AlpheiosApp.app/Contents/Frameworks/libswiftQuartzCore.dylib: replacing existing signature
2018-10-31 03:26:38 +0000  /var/folders/35/ql4xq3z1295060r1z2xjntw80000gn/T/XcodeDistPipeline.tJg/Root/Applications/AlpheiosApp.app/Contents/Frameworks/libswiftQuartzCore.dylib: signed Mach-O thin (x86_64) [com.apple.dt.runtime.swiftQuartzCore]
2018-10-31 03:26:38 +0000  /usr/bin/codesign exited with 0
2018-10-31 03:26:38 +0000  Entitlements for <IDEDistributionItem: 0x7fc38a36c140 'com.apple.dt.runtime.swiftSafariServices' '<DVTFilePath:0x7fc38a40fb00:'/Users/irinasklyarova/Library/Developer/Xcode/Archives/2018-10-31/AlpheiosApp 31-10-2018, 13.25.xcarchive/Products/Applications/AlpheiosApp.app/Contents/Frameworks/libswiftSafariServices.dylib'>'>: {
}
2018-10-31 03:26:38 +0000  Writing entitlements for <IDEDistributionItem: 0x7fc38a36c140 'com.apple.dt.runtime.swiftSafariServices' '<DVTFilePath:0x7fc38a40fb00:'/Users/irinasklyarova/Library/Developer/Xcode/Archives/2018-10-31/AlpheiosApp 31-10-2018, 13.25.xcarchive/Products/Applications/AlpheiosApp.app/Contents/Frameworks/libswiftSafariServices.dylib'>'> to: /var/folders/35/ql4xq3z1295060r1z2xjntw80000gn/T/XcodeDistPipeline.tJg/entitlementsqdeIEc
2018-10-31 03:26:38 +0000  Running /usr/bin/codesign '-vvv' '--force' '--sign' '97C7FFE46B510D0650777DFD99E711EB06C7ED81' '--entitlements' '/var/folders/35/ql4xq3z1295060r1z2xjntw80000gn/T/XcodeDistPipeline.tJg/entitlementsqdeIEc' '--preserve-metadata=identifier,flags,runtime' '/var/folders/35/ql4xq3z1295060r1z2xjntw80000gn/T/XcodeDistPipeline.tJg/Root/Applications/AlpheiosApp.app/Contents/Frameworks/libswiftSafariServices.dylib'
2018-10-31 03:26:38 +0000  /var/folders/35/ql4xq3z1295060r1z2xjntw80000gn/T/XcodeDistPipeline.tJg/Root/Applications/AlpheiosApp.app/Contents/Frameworks/libswiftSafariServices.dylib: replacing existing signature
2018-10-31 03:26:38 +0000  /var/folders/35/ql4xq3z1295060r1z2xjntw80000gn/T/XcodeDistPipeline.tJg/Root/Applications/AlpheiosApp.app/Contents/Frameworks/libswiftSafariServices.dylib: signed Mach-O thin (x86_64) [com.apple.dt.runtime.swiftSafariServices]
2018-10-31 03:26:38 +0000  /usr/bin/codesign exited with 0
2018-10-31 03:26:38 +0000  Entitlements for <IDEDistributionItem: 0x7fc38a6574d0 'com.apple.dt.runtime.swiftXPC' '<DVTFilePath:0x7fc38a41fe40:'/Users/irinasklyarova/Library/Developer/Xcode/Archives/2018-10-31/AlpheiosApp 31-10-2018, 13.25.xcarchive/Products/Applications/AlpheiosApp.app/Contents/Frameworks/libswiftXPC.dylib'>'>: {
}
2018-10-31 03:26:38 +0000  Writing entitlements for <IDEDistributionItem: 0x7fc38a6574d0 'com.apple.dt.runtime.swiftXPC' '<DVTFilePath:0x7fc38a41fe40:'/Users/irinasklyarova/Library/Developer/Xcode/Archives/2018-10-31/AlpheiosApp 31-10-2018, 13.25.xcarchive/Products/Applications/AlpheiosApp.app/Contents/Frameworks/libswiftXPC.dylib'>'> to: /var/folders/35/ql4xq3z1295060r1z2xjntw80000gn/T/XcodeDistPipeline.tJg/entitlementsULTCLx
2018-10-31 03:26:38 +0000  Running /usr/bin/codesign '-vvv' '--force' '--sign' '97C7FFE46B510D0650777DFD99E711EB06C7ED81' '--entitlements' '/var/folders/35/ql4xq3z1295060r1z2xjntw80000gn/T/XcodeDistPipeline.tJg/entitlementsULTCLx' '--preserve-metadata=identifier,flags,runtime' '/var/folders/35/ql4xq3z1295060r1z2xjntw80000gn/T/XcodeDistPipeline.tJg/Root/Applications/AlpheiosApp.app/Contents/Frameworks/libswiftXPC.dylib'
2018-10-31 03:26:38 +0000  /var/folders/35/ql4xq3z1295060r1z2xjntw80000gn/T/XcodeDistPipeline.tJg/Root/Applications/AlpheiosApp.app/Contents/Frameworks/libswiftXPC.dylib: replacing existing signature
2018-10-31 03:26:39 +0000  /var/folders/35/ql4xq3z1295060r1z2xjntw80000gn/T/XcodeDistPipeline.tJg/Root/Applications/AlpheiosApp.app/Contents/Frameworks/libswiftXPC.dylib: signed Mach-O thin (x86_64) [com.apple.dt.runtime.swiftXPC]
2018-10-31 03:26:39 +0000  /usr/bin/codesign exited with 0
2018-10-31 03:26:39 +0000  Entitlements for <IDEDistributionItem: 0x7fc38a6563f0 'com.apple.dt.runtime.swiftos' '<DVTFilePath:0x7fc38a410980:'/Users/irinasklyarova/Library/Developer/Xcode/Archives/2018-10-31/AlpheiosApp 31-10-2018, 13.25.xcarchive/Products/Applications/AlpheiosApp.app/Contents/Frameworks/libswiftos.dylib'>'>: {
}
2018-10-31 03:26:39 +0000  Writing entitlements for <IDEDistributionItem: 0x7fc38a6563f0 'com.apple.dt.runtime.swiftos' '<DVTFilePath:0x7fc38a410980:'/Users/irinasklyarova/Library/Developer/Xcode/Archives/2018-10-31/AlpheiosApp 31-10-2018, 13.25.xcarchive/Products/Applications/AlpheiosApp.app/Contents/Frameworks/libswiftos.dylib'>'> to: /var/folders/35/ql4xq3z1295060r1z2xjntw80000gn/T/XcodeDistPipeline.tJg/entitlements2efEd0
2018-10-31 03:26:39 +0000  Running /usr/bin/codesign '-vvv' '--force' '--sign' '97C7FFE46B510D0650777DFD99E711EB06C7ED81' '--entitlements' '/var/folders/35/ql4xq3z1295060r1z2xjntw80000gn/T/XcodeDistPipeline.tJg/entitlements2efEd0' '--preserve-metadata=identifier,flags,runtime' '/var/folders/35/ql4xq3z1295060r1z2xjntw80000gn/T/XcodeDistPipeline.tJg/Root/Applications/AlpheiosApp.app/Contents/Frameworks/libswiftos.dylib'
2018-10-31 03:26:39 +0000  /var/folders/35/ql4xq3z1295060r1z2xjntw80000gn/T/XcodeDistPipeline.tJg/Root/Applications/AlpheiosApp.app/Contents/Frameworks/libswiftos.dylib: replacing existing signature
2018-10-31 03:26:39 +0000  /var/folders/35/ql4xq3z1295060r1z2xjntw80000gn/T/XcodeDistPipeline.tJg/Root/Applications/AlpheiosApp.app/Contents/Frameworks/libswiftos.dylib: signed Mach-O thin (x86_64) [com.apple.dt.runtime.swiftos]
2018-10-31 03:26:39 +0000  /usr/bin/codesign exited with 0
2018-10-31 03:26:39 +0000  Entitlements for <IDEDistributionItem: 0x7fc38a44df60 'net.alpheios.webextension.safari' '<DVTFilePath:0x7fc38a1ebfd0:'/Users/irinasklyarova/Library/Developer/Xcode/Archives/2018-10-31/AlpheiosApp 31-10-2018, 13.25.xcarchive/Products/Applications/AlpheiosApp.app/Contents/PlugIns/AlpheiosSafari.appex'>'>: {
    "com.apple.application-identifier" = "W79WNX2NKZ.net.alpheios.webextension.safari";
    "com.apple.developer.team-identifier" = W79WNX2NKZ;
    "com.apple.security.app-sandbox" = 1;
    "com.apple.security.files.user-selected.read-only" = 1;
}
2018-10-31 03:26:39 +0000  Writing entitlements for <IDEDistributionItem: 0x7fc38a44df60 'net.alpheios.webextension.safari' '<DVTFilePath:0x7fc38a1ebfd0:'/Users/irinasklyarova/Library/Developer/Xcode/Archives/2018-10-31/AlpheiosApp 31-10-2018, 13.25.xcarchive/Products/Applications/AlpheiosApp.app/Contents/PlugIns/AlpheiosSafari.appex'>'> to: /var/folders/35/ql4xq3z1295060r1z2xjntw80000gn/T/XcodeDistPipeline.tJg/entitlementsRlBQai
2018-10-31 03:26:39 +0000  Running /usr/bin/codesign '-vvv' '--force' '--sign' '97C7FFE46B510D0650777DFD99E711EB06C7ED81' '--entitlements' '/var/folders/35/ql4xq3z1295060r1z2xjntw80000gn/T/XcodeDistPipeline.tJg/entitlementsRlBQai' '--preserve-metadata=identifier,flags,runtime' '/var/folders/35/ql4xq3z1295060r1z2xjntw80000gn/T/XcodeDistPipeline.tJg/Root/Applications/AlpheiosApp.app/Contents/PlugIns/AlpheiosSafari.appex'
2018-10-31 03:26:39 +0000  /var/folders/35/ql4xq3z1295060r1z2xjntw80000gn/T/XcodeDistPipeline.tJg/Root/Applications/AlpheiosApp.app/Contents/PlugIns/AlpheiosSafari.appex: replacing existing signature
2018-10-31 03:26:39 +0000  /var/folders/35/ql4xq3z1295060r1z2xjntw80000gn/T/XcodeDistPipeline.tJg/Root/Applications/AlpheiosApp.app/Contents/PlugIns/AlpheiosSafari.appex: signed bundle with Mach-O thin (x86_64) [net.alpheios.webextension.safari]
2018-10-31 03:26:39 +0000  /usr/bin/codesign exited with 0
2018-10-31 03:26:39 +0000  Entitlements for <IDEDistributionItem: 0x7fc38a66bc60 'net.alpheios.webextension' '<DVTFilePath:0x7fc38025a100:'/Users/irinasklyarova/Library/Developer/Xcode/Archives/2018-10-31/AlpheiosApp 31-10-2018, 13.25.xcarchive/Products/Applications/AlpheiosApp.app'>'>: {
    "com.apple.application-identifier" = "W79WNX2NKZ.net.alpheios.webextension";
    "com.apple.developer.team-identifier" = W79WNX2NKZ;
    "com.apple.security.app-sandbox" = 1;
    "com.apple.security.files.user-selected.read-only" = 1;
}
2018-10-31 03:26:39 +0000  Writing entitlements for <IDEDistributionItem: 0x7fc38a66bc60 'net.alpheios.webextension' '<DVTFilePath:0x7fc38025a100:'/Users/irinasklyarova/Library/Developer/Xcode/Archives/2018-10-31/AlpheiosApp 31-10-2018, 13.25.xcarchive/Products/Applications/AlpheiosApp.app'>'> to: /var/folders/35/ql4xq3z1295060r1z2xjntw80000gn/T/XcodeDistPipeline.tJg/entitlementsT43Hdi
2018-10-31 03:26:39 +0000  Running /usr/bin/codesign '-vvv' '--force' '--sign' '97C7FFE46B510D0650777DFD99E711EB06C7ED81' '--entitlements' '/var/folders/35/ql4xq3z1295060r1z2xjntw80000gn/T/XcodeDistPipeline.tJg/entitlementsT43Hdi' '--preserve-metadata=identifier,flags,runtime' '/var/folders/35/ql4xq3z1295060r1z2xjntw80000gn/T/XcodeDistPipeline.tJg/Root/Applications/AlpheiosApp.app'
2018-10-31 03:26:39 +0000  /var/folders/35/ql4xq3z1295060r1z2xjntw80000gn/T/XcodeDistPipeline.tJg/Root/Applications/AlpheiosApp.app: replacing existing signature
2018-10-31 03:26:39 +0000  /var/folders/35/ql4xq3z1295060r1z2xjntw80000gn/T/XcodeDistPipeline.tJg/Root/Applications/AlpheiosApp.app: signed app bundle with Mach-O thin (x86_64) [net.alpheios.webextension]
2018-10-31 03:26:39 +0000  /usr/bin/codesign exited with 0
2018-10-31 03:26:39 +0000  Processing step: IDEDistributionZipODRItemStep
2018-10-31 03:26:39 +0000  Skipping step: IDEDistributionZipODRItemStep because it said so
2018-10-31 03:26:39 +0000  Skipping step: IDEDistributionZipODRItemStep because it said so
2018-10-31 03:26:39 +0000  Skipping step: IDEDistributionZipODRItemStep because it said so
2018-10-31 03:26:39 +0000  Skipping step: IDEDistributionZipODRItemStep because it said so
2018-10-31 03:26:39 +0000  Skipping step: IDEDistributionZipODRItemStep because it said so
2018-10-31 03:26:39 +0000  Skipping step: IDEDistributionZipODRItemStep because it said so
2018-10-31 03:26:39 +0000  Skipping step: IDEDistributionZipODRItemStep because it said so
2018-10-31 03:26:39 +0000  Skipping step: IDEDistributionZipODRItemStep because it said so
2018-10-31 03:26:39 +0000  Skipping step: IDEDistributionZipODRItemStep because it said so
2018-10-31 03:26:39 +0000  Skipping step: IDEDistributionZipODRItemStep because it said so
2018-10-31 03:26:39 +0000  Skipping step: IDEDistributionZipODRItemStep because it said so
2018-10-31 03:26:39 +0000  Skipping step: IDEDistributionZipODRItemStep because it said so
2018-10-31 03:26:39 +0000  Skipping step: IDEDistributionZipODRItemStep because it said so
2018-10-31 03:26:39 +0000  Skipping step: IDEDistributionZipODRItemStep because it said so
2018-10-31 03:26:39 +0000  Skipping step: IDEDistributionZipODRItemStep because it said so
2018-10-31 03:26:39 +0000  Skipping step: IDEDistributionZipODRItemStep because it said so
2018-10-31 03:26:39 +0000  Skipping step: IDEDistributionZipODRItemStep because it said so
2018-10-31 03:26:39 +0000  Skipping step: IDEDistributionZipODRItemStep because it said so
2018-10-31 03:26:39 +0000  Processing step: IDEDistributionSkipPackagingStep
2018-10-31 03:26:39 +0000  Processing step: IDEDistributionAppStoreInformationStep
2018-10-31 03:26:39 +0000  Skipping step: IDEDistributionAppStoreInformationStep because it said so
2018-10-31 03:26:39 +0000  Processing step: IDEDistributionCreateManifestStep
2018-10-31 03:26:39 +0000  Skipping step: IDEDistributionCreateManifestStep because it said so
