2018-10-29 12:49:24 +0000  Initial pipeline context: <IDEDistributionProcessingPipelineContext: 0x7f807f918060; archive(resolved)='<IDEArchive: 0x7f809c02ccf0>', distributionTask(resolved)='2', distributionDestination(resolved)='1', distributionMethod(resolved)='<IDEDistributionMethodDevelopmentSignedMac: 0x7f807eba0cd0>', team(resolved)='<IDEProvisioningDisambiguatableBasicTeam: 0x7f809c05ab40; teamID='W79WNX2NKZ', teamName='The Alpheios Project Ltd.', teamType='Company', username='irinaskl0609@gmail.com', isFreeProvisioningTeam='0'>'>
	Chain (11, self inclusive):
	<IDEDistributionProcessingPipelineContext: 0x7f807f918060; archive = '<IDEArchive: 0x7f809c02ccf0>', distributionMethod='<IDEDistributionMethodDevelopmentSignedMac: 0x7f807eba0cd0>', team='<IDEProvisioningDisambiguatableBasicTeam: 0x7f809c05ab40; teamID='W79WNX2NKZ', teamName='The Alpheios Project Ltd.', teamType='Company', username='irinaskl0609@gmail.com', isFreeProvisioningTeam='0'>'>
	<IDEDistributionProcessingPipelineContext: 0x7f807f952740; archive = '<IDEArchive: 0x7f809c02ccf0>', distributionMethod='<IDEDistributionMethodDevelopmentSignedMac: 0x7f807eba0cd0>', team='<IDEProvisioningDisambiguatableBasicTeam: 0x7f809c05ab40; teamID='W79WNX2NKZ', teamName='The Alpheios Project Ltd.', teamType='Company', username='irinaskl0609@gmail.com', isFreeProvisioningTeam='0'>'>
	<IDEDistributionContext: 0x7f807f916a80; archive = '<IDEArchive: 0x7f809c02ccf0>', distributionMethod='<IDEDistributionMethodDevelopmentSignedMac: 0x7f807eba0cd0>', team='<IDEProvisioningDisambiguatableBasicTeam: 0x7f809c05ab40; teamID='W79WNX2NKZ', teamName='The Alpheios Project Ltd.', teamType='Company', username='irinaskl0609@gmail.com', isFreeProvisioningTeam='0'>'>
	<IDEDistributionContext: 0x7f807f97c310; archive = '<IDEArchive: 0x7f809c02ccf0>', distributionMethod='<IDEDistributionMethodDevelopmentSignedMac: 0x7f807eba0cd0>', team='<IDEProvisioningDisambiguatableBasicTeam: 0x7f809c05ab40; teamID='W79WNX2NKZ', teamName='The Alpheios Project Ltd.', teamType='Company', username='irinaskl0609@gmail.com', isFreeProvisioningTeam='0'>'>
	<IDEDistributionContext: 0x7f807f4ec090; archive = '<IDEArchive: 0x7f809c02ccf0>', distributionMethod='<IDEDistributionMethodDevelopmentSignedMac: 0x7f807eba0cd0>', team='<IDEProvisioningDisambiguatableBasicTeam: 0x7f809c05ab40; teamID='W79WNX2NKZ', teamName='The Alpheios Project Ltd.', teamType='Company', username='irinaskl0609@gmail.com', isFreeProvisioningTeam='0'>'>
	<IDEDistributionContext: 0x7f807ecd9110; archive = '<IDEArchive: 0x7f809c02ccf0>', distributionMethod='<IDEDistributionMethodDevelopmentSignedMac: 0x7f807eba0cd0>', team='<IDEProvisioningDisambiguatableBasicTeam: 0x7f809c05ab40; teamID='W79WNX2NKZ', teamName='The Alpheios Project Ltd.', teamType='Company', username='irinaskl0609@gmail.com', isFreeProvisioningTeam='0'>'>
	<IDEDistributionContext: 0x7f807fa25140; archive = '<IDEArchive: 0x7f809c02ccf0>', distributionMethod='<IDEDistributionMethodDevelopmentSignedMac: 0x7f807eba0cd0>', team='<IDEProvisioningDisambiguatableBasicTeam: 0x7f809c05ab40; teamID='W79WNX2NKZ', teamName='The Alpheios Project Ltd.', teamType='Company', username='irinaskl0609@gmail.com', isFreeProvisioningTeam='0'>'>
	<IDEDistributionContext: 0x7f807f99bc70; archive = '<IDEArchive: 0x7f809c02ccf0>', distributionMethod='<IDEDistributionMethodDevelopmentSignedMac: 0x7f807eba0cd0>', team='<IDEProvisioningDisambiguatableBasicTeam: 0x7f809c05ab40; teamID='W79WNX2NKZ', teamName='The Alpheios Project Ltd.', teamType='Company', username='irinaskl0609@gmail.com', isFreeProvisioningTeam='0'>'>
	<IDEDistributionContext: 0x7f807f6b6250; archive = '<IDEArchive: 0x7f809c02ccf0>', distributionMethod='<IDEDistributionMethodDevelopmentSignedMac: 0x7f807eba0cd0>', team='(null)'>
	<IDEDistributionContext: 0x7f807f995380; archive = '<IDEArchive: 0x7f809c02ccf0>', distributionMethod='<IDEDistributionMethodDevelopmentSignedMac: 0x7f807eba0cd0>', team='(null)'>
	<IDEDistributionContext: 0x7f809c896000; archive = '<IDEArchive: 0x7f809c02ccf0>', distributionMethod='(null)', team='(null)'>
</IDEDistributionProcessingPipelineContext: 0x7f807f918060>
2018-10-29 12:49:24 +0000  Processing step: IDEDistributionCreateDestRootStep
2018-10-29 12:49:24 +0000  Processing step: IDEDistributionCopyItemStep
2018-10-29 12:49:24 +0000  Running /usr/bin/ditto '-V' '/Users/irinasklyarova/Library/Developer/Xcode/Archives/2018-10-29/AlpheiosApp 29-10-2018, 22.49.xcarchive/Products/Applications/AlpheiosApp.app' '/var/folders/35/ql4xq3z1295060r1z2xjntw80000gn/T/XcodeDistPipeline.E5O/Root/Applications/AlpheiosApp.app'
2018-10-29 12:49:24 +0000  >>> Copying /Users/irinasklyarova/Library/Developer/Xcode/Archives/2018-10-29/AlpheiosApp 29-10-2018, 22.49.xcarchive/Products/Applications/AlpheiosApp.app 
2018-10-29 12:49:24 +0000  copying file ./Contents/_CodeSignature/CodeResources ... 
2018-10-29 12:49:24 +0000  9764 bytes for ./Contents/_CodeSignature/CodeResources
2018-10-29 12:49:24 +0000  copying file ./Contents/MacOS/AlpheiosApp ... 
2018-10-29 12:49:24 +0000  34480 bytes for ./Contents/MacOS/AlpheiosApp
2018-10-29 12:49:24 +0000  copying file ./Contents/PlugIns/AlpheiosSafari.appex/Contents/_CodeSignature/CodeResources ... 
2018-10-29 12:49:24 +0000  3204 bytes for ./Contents/PlugIns/AlpheiosSafari.appex/Contents/_CodeSignature/CodeResources
2018-10-29 12:49:24 +0000  copying file ./Contents/PlugIns/AlpheiosSafari.appex/Contents/MacOS/AlpheiosSafari ... 
2018-10-29 12:49:24 +0000  85520 bytes for ./Contents/PlugIns/AlpheiosSafari.appex/Contents/MacOS/AlpheiosSafari
2018-10-29 12:49:24 +0000  copying file ./Contents/PlugIns/AlpheiosSafari.appex/Contents/Resources/alpheios.pdf ... 
2018-10-29 12:49:24 +0000  356807 bytes for ./Contents/PlugIns/AlpheiosSafari.appex/Contents/Resources/alpheios.pdf
2018-10-29 12:49:24 +0000  copying file ./Contents/PlugIns/AlpheiosSafari.appex/Contents/Resources/Base.lproj/SafariExtensionViewController.nib ... 
2018-10-29 12:49:24 +0000  7513 bytes for ./Contents/PlugIns/AlpheiosSafari.appex/Contents/Resources/Base.lproj/SafariExtensionViewController.nib
2018-10-29 12:49:24 +0000  copying file ./Contents/PlugIns/AlpheiosSafari.appex/Contents/Resources/content-safari.js ... 
2018-10-29 12:49:24 +0000  2122173 bytes for ./Contents/PlugIns/AlpheiosSafari.appex/Contents/Resources/content-safari.js
copying file ./Contents/PlugIns/AlpheiosSafari.appex/Contents/Resources/style.css ... 
2018-10-29 12:49:24 +0000  165690 bytes for ./Contents/PlugIns/AlpheiosSafari.appex/Contents/Resources/style.css
copying file ./Contents/PlugIns/AlpheiosSafari.appex/Contents/Info.plist ... 
2018-10-29 12:49:24 +0000  2987 bytes for ./Contents/PlugIns/AlpheiosSafari.appex/Contents/Info.plist
2018-10-29 12:49:24 +0000  copying file ./Contents/Resources/AppIcon.icns ... 
2018-10-29 12:49:24 +0000  17264 bytes for ./Contents/Resources/AppIcon.icns
2018-10-29 12:49:24 +0000  copying file ./Contents/Resources/Base.lproj/MainMenu.nib ... 
2018-10-29 12:49:24 +0000  16987 bytes for ./Contents/Resources/Base.lproj/MainMenu.nib
copying file ./Contents/Resources/Assets.car ... 
2018-10-29 12:49:24 +0000  46904 bytes for ./Contents/Resources/Assets.car
2018-10-29 12:49:24 +0000  copying file ./Contents/Frameworks/libswiftAppKit.dylib ... 
2018-10-29 12:49:24 +0000  241248 bytes for ./Contents/Frameworks/libswiftAppKit.dylib
2018-10-29 12:49:24 +0000  copying file ./Contents/Frameworks/libswiftCoreImage.dylib ... 
2018-10-29 12:49:24 +0000  49360 bytes for ./Contents/Frameworks/libswiftCoreImage.dylib
2018-10-29 12:49:24 +0000  copying file ./Contents/Frameworks/libswiftObjectiveC.dylib ... 
2018-10-29 12:49:24 +0000  61024 bytes for ./Contents/Frameworks/libswiftObjectiveC.dylib
copying file ./Contents/Frameworks/libswiftXPC.dylib ... 
2018-10-29 12:49:24 +0000  44960 bytes for ./Contents/Frameworks/libswiftXPC.dylib
copying file ./Contents/Frameworks/libswiftSafariServices.dylib ... 
2018-10-29 12:49:24 +0000  58720 bytes for ./Contents/Frameworks/libswiftSafariServices.dylib
copying file ./Contents/Frameworks/libswiftCore.dylib ... 
2018-10-29 12:49:24 +0000  6552912 bytes for ./Contents/Frameworks/libswiftCore.dylib
copying file ./Contents/Frameworks/libswiftCoreGraphics.dylib ... 
2018-10-29 12:49:24 +0000  202128 bytes for ./Contents/Frameworks/libswiftCoreGraphics.dylib
copying file ./Contents/Frameworks/libswiftMetal.dylib ... 
92416 bytes for ./Contents/Frameworks/libswiftMetal.dylib
copying file ./Contents/Frameworks/libswiftCoreData.dylib ... 
98416 bytes for ./Contents/Frameworks/libswiftCoreData.dylib
copying file ./Contents/Frameworks/libswiftDispatch.dylib ... 
345920 bytes for ./Contents/Frameworks/libswiftDispatch.dylib
copying file ./Contents/Frameworks/libswiftos.dylib ... 
2018-10-29 12:49:24 +0000  74624 bytes for ./Contents/Frameworks/libswiftos.dylib
2018-10-29 12:49:24 +0000  copying file ./Contents/Frameworks/libswiftCoreFoundation.dylib ... 
2018-10-29 12:49:24 +0000  41120 bytes for ./Contents/Frameworks/libswiftCoreFoundation.dylib
2018-10-29 12:49:24 +0000  copying file ./Contents/Frameworks/libswiftDarwin.dylib ... 
2018-10-29 12:49:24 +0000  106448 bytes for ./Contents/Frameworks/libswiftDarwin.dylib
2018-10-29 12:49:24 +0000  copying file ./Contents/Frameworks/libswiftQuartzCore.dylib ... 
2018-10-29 12:49:24 +0000  58368 bytes for ./Contents/Frameworks/libswiftQuartzCore.dylib
2018-10-29 12:49:24 +0000  copying file ./Contents/Frameworks/libswiftIOKit.dylib ... 
2018-10-29 12:49:24 +0000  45008 bytes for ./Contents/Frameworks/libswiftIOKit.dylib
copying file ./Contents/Frameworks/libswiftFoundation.dylib ... 
2018-10-29 12:49:24 +0000  3065360 bytes for ./Contents/Frameworks/libswiftFoundation.dylib
2018-10-29 12:49:24 +0000  copying file ./Contents/Info.plist ... 
1648 bytes for ./Contents/Info.plist
copying file ./Contents/PkgInfo ... 
2018-10-29 12:49:24 +0000  8 bytes for ./Contents/PkgInfo
2018-10-29 12:49:24 +0000  /usr/bin/ditto exited with 0
2018-10-29 12:49:24 +0000  Processing step: IDEDistributionEmbedProfileStep
2018-10-29 12:49:24 +0000  Skipping profile for item: <IDEDistributionItem: 0x7f807f97bd50 'com.apple.dt.runtime.swiftAppKit' '<DVTFilePath:0x7f807ec07330:'/Users/irinasklyarova/Library/Developer/Xcode/Archives/2018-10-29/AlpheiosApp 29-10-2018, 22.49.xcarchive/Products/Applications/AlpheiosApp.app/Contents/Frameworks/libswiftAppKit.dylib'>'>
2018-10-29 12:49:24 +0000  Skipping profile for item: <IDEDistributionItem: 0x7f807ef31400 'com.apple.dt.runtime.swiftCore' '<DVTFilePath:0x7f809c853560:'/Users/irinasklyarova/Library/Developer/Xcode/Archives/2018-10-29/AlpheiosApp 29-10-2018, 22.49.xcarchive/Products/Applications/AlpheiosApp.app/Contents/Frameworks/libswiftCore.dylib'>'>
2018-10-29 12:49:24 +0000  Skipping profile for item: <IDEDistributionItem: 0x7f807f9997f0 'com.apple.dt.runtime.swiftCoreData' '<DVTFilePath:0x7f807efaffa0:'/Users/irinasklyarova/Library/Developer/Xcode/Archives/2018-10-29/AlpheiosApp 29-10-2018, 22.49.xcarchive/Products/Applications/AlpheiosApp.app/Contents/Frameworks/libswiftCoreData.dylib'>'>
2018-10-29 12:49:24 +0000  Skipping profile for item: <IDEDistributionItem: 0x7f807f78ee30 'com.apple.dt.runtime.swiftCoreFoundation' '<DVTFilePath:0x7f807f77d1c0:'/Users/irinasklyarova/Library/Developer/Xcode/Archives/2018-10-29/AlpheiosApp 29-10-2018, 22.49.xcarchive/Products/Applications/AlpheiosApp.app/Contents/Frameworks/libswiftCoreFoundation.dylib'>'>
2018-10-29 12:49:24 +0000  Skipping profile for item: <IDEDistributionItem: 0x7f807f6ce170 'com.apple.dt.runtime.swiftCoreGraphics' '<DVTFilePath:0x7f807f71dad0:'/Users/irinasklyarova/Library/Developer/Xcode/Archives/2018-10-29/AlpheiosApp 29-10-2018, 22.49.xcarchive/Products/Applications/AlpheiosApp.app/Contents/Frameworks/libswiftCoreGraphics.dylib'>'>
2018-10-29 12:49:24 +0000  Skipping profile for item: <IDEDistributionItem: 0x7f80999930f0 'com.apple.dt.runtime.swiftCoreImage' '<DVTFilePath:0x7f807f44def0:'/Users/irinasklyarova/Library/Developer/Xcode/Archives/2018-10-29/AlpheiosApp 29-10-2018, 22.49.xcarchive/Products/Applications/AlpheiosApp.app/Contents/Frameworks/libswiftCoreImage.dylib'>'>
2018-10-29 12:49:24 +0000  Skipping profile for item: <IDEDistributionItem: 0x7f807f1c6a60 'com.apple.dt.runtime.swiftDarwin' '<DVTFilePath:0x7f807f718de0:'/Users/irinasklyarova/Library/Developer/Xcode/Archives/2018-10-29/AlpheiosApp 29-10-2018, 22.49.xcarchive/Products/Applications/AlpheiosApp.app/Contents/Frameworks/libswiftDarwin.dylib'>'>
2018-10-29 12:49:24 +0000  Skipping profile for item: <IDEDistributionItem: 0x7f807f692350 'com.apple.dt.runtime.swiftDispatch' '<DVTFilePath:0x7f807efd0a70:'/Users/irinasklyarova/Library/Developer/Xcode/Archives/2018-10-29/AlpheiosApp 29-10-2018, 22.49.xcarchive/Products/Applications/AlpheiosApp.app/Contents/Frameworks/libswiftDispatch.dylib'>'>
2018-10-29 12:49:24 +0000  Skipping profile for item: <IDEDistributionItem: 0x7f807f6b8750 'com.apple.dt.runtime.swiftFoundation' '<DVTFilePath:0x7f807f6a4bf0:'/Users/irinasklyarova/Library/Developer/Xcode/Archives/2018-10-29/AlpheiosApp 29-10-2018, 22.49.xcarchive/Products/Applications/AlpheiosApp.app/Contents/Frameworks/libswiftFoundation.dylib'>'>
2018-10-29 12:49:24 +0000  Skipping profile for item: <IDEDistributionItem: 0x7f807f3a09c0 'com.apple.dt.runtime.swiftIOKit' '<DVTFilePath:0x7f809ce1cd80:'/Users/irinasklyarova/Library/Developer/Xcode/Archives/2018-10-29/AlpheiosApp 29-10-2018, 22.49.xcarchive/Products/Applications/AlpheiosApp.app/Contents/Frameworks/libswiftIOKit.dylib'>'>
2018-10-29 12:49:24 +0000  Skipping profile for item: <IDEDistributionItem: 0x7f807ebdd850 'com.apple.dt.runtime.swiftMetal' '<DVTFilePath:0x7f807f79b410:'/Users/irinasklyarova/Library/Developer/Xcode/Archives/2018-10-29/AlpheiosApp 29-10-2018, 22.49.xcarchive/Products/Applications/AlpheiosApp.app/Contents/Frameworks/libswiftMetal.dylib'>'>
2018-10-29 12:49:24 +0000  Skipping profile for item: <IDEDistributionItem: 0x7f807eb21370 'com.apple.dt.runtime.swiftObjectiveC' '<DVTFilePath:0x7f807ec955a0:'/Users/irinasklyarova/Library/Developer/Xcode/Archives/2018-10-29/AlpheiosApp 29-10-2018, 22.49.xcarchive/Products/Applications/AlpheiosApp.app/Contents/Frameworks/libswiftObjectiveC.dylib'>'>
2018-10-29 12:49:24 +0000  Skipping profile for item: <IDEDistributionItem: 0x7f807f6a4610 'com.apple.dt.runtime.swiftQuartzCore' '<DVTFilePath:0x7f809c85f940:'/Users/irinasklyarova/Library/Developer/Xcode/Archives/2018-10-29/AlpheiosApp 29-10-2018, 22.49.xcarchive/Products/Applications/AlpheiosApp.app/Contents/Frameworks/libswiftQuartzCore.dylib'>'>
2018-10-29 12:49:24 +0000  Skipping profile for item: <IDEDistributionItem: 0x7f807f914b40 'com.apple.dt.runtime.swiftSafariServices' '<DVTFilePath:0x7f809c817900:'/Users/irinasklyarova/Library/Developer/Xcode/Archives/2018-10-29/AlpheiosApp 29-10-2018, 22.49.xcarchive/Products/Applications/AlpheiosApp.app/Contents/Frameworks/libswiftSafariServices.dylib'>'>
2018-10-29 12:49:24 +0000  Skipping profile for item: <IDEDistributionItem: 0x7f807f978bb0 'com.apple.dt.runtime.swiftXPC' '<DVTFilePath:0x7f807eb3a790:'/Users/irinasklyarova/Library/Developer/Xcode/Archives/2018-10-29/AlpheiosApp 29-10-2018, 22.49.xcarchive/Products/Applications/AlpheiosApp.app/Contents/Frameworks/libswiftXPC.dylib'>'>
2018-10-29 12:49:24 +0000  Skipping profile for item: <IDEDistributionItem: 0x7f807f9c2b40 'com.apple.dt.runtime.swiftos' '<DVTFilePath:0x7f8099944750:'/Users/irinasklyarova/Library/Developer/Xcode/Archives/2018-10-29/AlpheiosApp 29-10-2018, 22.49.xcarchive/Products/Applications/AlpheiosApp.app/Contents/Frameworks/libswiftos.dylib'>'>
2018-10-29 12:49:24 +0000  Skipping profile for item: <IDEDistributionItem: 0x7f807f9c9e50 'net.alpheios.webextension.safari' '<DVTFilePath:0x7f809c899d60:'/Users/irinasklyarova/Library/Developer/Xcode/Archives/2018-10-29/AlpheiosApp 29-10-2018, 22.49.xcarchive/Products/Applications/AlpheiosApp.app/Contents/PlugIns/AlpheiosSafari.appex'>'>
2018-10-29 12:49:24 +0000  Skipping profile for item: <IDEDistributionItem: 0x7f807dd72b00 'net.alpheios.webextension' '<DVTFilePath:0x7f809b414880:'/Users/irinasklyarova/Library/Developer/Xcode/Archives/2018-10-29/AlpheiosApp 29-10-2018, 22.49.xcarchive/Products/Applications/AlpheiosApp.app'>'>
2018-10-29 12:49:24 +0000  Processing step: IDEDistributionAppThinningPlistStep
2018-10-29 12:49:24 +0000  Processing step: IDEDistributionCompileBitcodeStep
2018-10-29 12:49:24 +0000  Skipping step: IDEDistributionCompileBitcodeStep because it said so
2018-10-29 12:49:24 +0000  Processing step: IDEDistributionCodeSlimmingStep
2018-10-29 12:49:24 +0000  Processing step: IDEDistributionCopyBCSymbolMapsStep
2018-10-29 12:49:24 +0000  Skipping step: IDEDistributionCopyBCSymbolMapsStep because it said so
2018-10-29 12:49:24 +0000  Skipping step: IDEDistributionCopyBCSymbolMapsStep because it said so
2018-10-29 12:49:24 +0000  Skipping step: IDEDistributionCopyBCSymbolMapsStep because it said so
2018-10-29 12:49:24 +0000  Skipping step: IDEDistributionCopyBCSymbolMapsStep because it said so
2018-10-29 12:49:24 +0000  Skipping step: IDEDistributionCopyBCSymbolMapsStep because it said so
2018-10-29 12:49:24 +0000  Skipping step: IDEDistributionCopyBCSymbolMapsStep because it said so
2018-10-29 12:49:24 +0000  Skipping step: IDEDistributionCopyBCSymbolMapsStep because it said so
2018-10-29 12:49:24 +0000  Skipping step: IDEDistributionCopyBCSymbolMapsStep because it said so
2018-10-29 12:49:24 +0000  Skipping step: IDEDistributionCopyBCSymbolMapsStep because it said so
2018-10-29 12:49:24 +0000  Skipping step: IDEDistributionCopyBCSymbolMapsStep because it said so
2018-10-29 12:49:24 +0000  Skipping step: IDEDistributionCopyBCSymbolMapsStep because it said so
2018-10-29 12:49:24 +0000  Skipping step: IDEDistributionCopyBCSymbolMapsStep because it said so
2018-10-29 12:49:24 +0000  Skipping step: IDEDistributionCopyBCSymbolMapsStep because it said so
2018-10-29 12:49:24 +0000  Skipping step: IDEDistributionCopyBCSymbolMapsStep because it said so
2018-10-29 12:49:24 +0000  Skipping step: IDEDistributionCopyBCSymbolMapsStep because it said so
2018-10-29 12:49:24 +0000  Skipping step: IDEDistributionCopyBCSymbolMapsStep because it said so
2018-10-29 12:49:24 +0000  Skipping step: IDEDistributionCopyBCSymbolMapsStep because it said so
2018-10-29 12:49:24 +0000  Skipping step: IDEDistributionCopyBCSymbolMapsStep because it said so
2018-10-29 12:49:24 +0000  Processing step: IDEDistributionSymbolsStep
2018-10-29 12:49:24 +0000  Skipping step: IDEDistributionSymbolsStep because it said so
2018-10-29 12:49:24 +0000  Skipping step: IDEDistributionSymbolsStep because it said so
2018-10-29 12:49:24 +0000  Skipping step: IDEDistributionSymbolsStep because it said so
2018-10-29 12:49:24 +0000  Skipping step: IDEDistributionSymbolsStep because it said so
2018-10-29 12:49:24 +0000  Skipping step: IDEDistributionSymbolsStep because it said so
2018-10-29 12:49:24 +0000  Skipping step: IDEDistributionSymbolsStep because it said so
2018-10-29 12:49:24 +0000  Skipping step: IDEDistributionSymbolsStep because it said so
2018-10-29 12:49:24 +0000  Skipping step: IDEDistributionSymbolsStep because it said so
2018-10-29 12:49:24 +0000  Skipping step: IDEDistributionSymbolsStep because it said so
2018-10-29 12:49:24 +0000  Skipping step: IDEDistributionSymbolsStep because it said so
2018-10-29 12:49:24 +0000  Skipping step: IDEDistributionSymbolsStep because it said so
2018-10-29 12:49:24 +0000  Skipping step: IDEDistributionSymbolsStep because it said so
2018-10-29 12:49:24 +0000  Skipping step: IDEDistributionSymbolsStep because it said so
2018-10-29 12:49:24 +0000  Skipping step: IDEDistributionSymbolsStep because it said so
2018-10-29 12:49:24 +0000  Skipping step: IDEDistributionSymbolsStep because it said so
2018-10-29 12:49:24 +0000  Skipping step: IDEDistributionSymbolsStep because it said so
2018-10-29 12:49:24 +0000  Skipping step: IDEDistributionSymbolsStep because it said so
2018-10-29 12:49:24 +0000  Skipping step: IDEDistributionSymbolsStep because it said so
2018-10-29 12:49:24 +0000  Processing step: IDEDistributionAppThinningStep
2018-10-29 12:49:24 +0000  Skipping step: IDEDistributionAppThinningStep because it said so
2018-10-29 12:49:24 +0000  Processing step: IDEDistributionODRStep
2018-10-29 12:49:24 +0000  Processing step: IDEDistributionStripXattrsStep
2018-10-29 12:49:24 +0000  Skipping stripping extended attributes of item: <IDEDistributionItem: 0x7f807f97bd50 'com.apple.dt.runtime.swiftAppKit' '<DVTFilePath:0x7f807ec07330:'/Users/irinasklyarova/Library/Developer/Xcode/Archives/2018-10-29/AlpheiosApp 29-10-2018, 22.49.xcarchive/Products/Applications/AlpheiosApp.app/Contents/Frameworks/libswiftAppKit.dylib'>'>
2018-10-29 12:49:24 +0000  Skipping stripping extended attributes of item: <IDEDistributionItem: 0x7f807ef31400 'com.apple.dt.runtime.swiftCore' '<DVTFilePath:0x7f809c853560:'/Users/irinasklyarova/Library/Developer/Xcode/Archives/2018-10-29/AlpheiosApp 29-10-2018, 22.49.xcarchive/Products/Applications/AlpheiosApp.app/Contents/Frameworks/libswiftCore.dylib'>'>
2018-10-29 12:49:24 +0000  Skipping stripping extended attributes of item: <IDEDistributionItem: 0x7f807f9997f0 'com.apple.dt.runtime.swiftCoreData' '<DVTFilePath:0x7f807efaffa0:'/Users/irinasklyarova/Library/Developer/Xcode/Archives/2018-10-29/AlpheiosApp 29-10-2018, 22.49.xcarchive/Products/Applications/AlpheiosApp.app/Contents/Frameworks/libswiftCoreData.dylib'>'>
2018-10-29 12:49:24 +0000  Skipping stripping extended attributes of item: <IDEDistributionItem: 0x7f807f78ee30 'com.apple.dt.runtime.swiftCoreFoundation' '<DVTFilePath:0x7f807f77d1c0:'/Users/irinasklyarova/Library/Developer/Xcode/Archives/2018-10-29/AlpheiosApp 29-10-2018, 22.49.xcarchive/Products/Applications/AlpheiosApp.app/Contents/Frameworks/libswiftCoreFoundation.dylib'>'>
2018-10-29 12:49:24 +0000  Skipping stripping extended attributes of item: <IDEDistributionItem: 0x7f807f6ce170 'com.apple.dt.runtime.swiftCoreGraphics' '<DVTFilePath:0x7f807f71dad0:'/Users/irinasklyarova/Library/Developer/Xcode/Archives/2018-10-29/AlpheiosApp 29-10-2018, 22.49.xcarchive/Products/Applications/AlpheiosApp.app/Contents/Frameworks/libswiftCoreGraphics.dylib'>'>
2018-10-29 12:49:24 +0000  Skipping stripping extended attributes of item: <IDEDistributionItem: 0x7f80999930f0 'com.apple.dt.runtime.swiftCoreImage' '<DVTFilePath:0x7f807f44def0:'/Users/irinasklyarova/Library/Developer/Xcode/Archives/2018-10-29/AlpheiosApp 29-10-2018, 22.49.xcarchive/Products/Applications/AlpheiosApp.app/Contents/Frameworks/libswiftCoreImage.dylib'>'>
2018-10-29 12:49:24 +0000  Skipping stripping extended attributes of item: <IDEDistributionItem: 0x7f807f1c6a60 'com.apple.dt.runtime.swiftDarwin' '<DVTFilePath:0x7f807f718de0:'/Users/irinasklyarova/Library/Developer/Xcode/Archives/2018-10-29/AlpheiosApp 29-10-2018, 22.49.xcarchive/Products/Applications/AlpheiosApp.app/Contents/Frameworks/libswiftDarwin.dylib'>'>
2018-10-29 12:49:24 +0000  Skipping stripping extended attributes of item: <IDEDistributionItem: 0x7f807f692350 'com.apple.dt.runtime.swiftDispatch' '<DVTFilePath:0x7f807efd0a70:'/Users/irinasklyarova/Library/Developer/Xcode/Archives/2018-10-29/AlpheiosApp 29-10-2018, 22.49.xcarchive/Products/Applications/AlpheiosApp.app/Contents/Frameworks/libswiftDispatch.dylib'>'>
2018-10-29 12:49:24 +0000  Skipping stripping extended attributes of item: <IDEDistributionItem: 0x7f807f6b8750 'com.apple.dt.runtime.swiftFoundation' '<DVTFilePath:0x7f807f6a4bf0:'/Users/irinasklyarova/Library/Developer/Xcode/Archives/2018-10-29/AlpheiosApp 29-10-2018, 22.49.xcarchive/Products/Applications/AlpheiosApp.app/Contents/Frameworks/libswiftFoundation.dylib'>'>
2018-10-29 12:49:24 +0000  Skipping stripping extended attributes of item: <IDEDistributionItem: 0x7f807f3a09c0 'com.apple.dt.runtime.swiftIOKit' '<DVTFilePath:0x7f809ce1cd80:'/Users/irinasklyarova/Library/Developer/Xcode/Archives/2018-10-29/AlpheiosApp 29-10-2018, 22.49.xcarchive/Products/Applications/AlpheiosApp.app/Contents/Frameworks/libswiftIOKit.dylib'>'>
2018-10-29 12:49:24 +0000  Skipping stripping extended attributes of item: <IDEDistributionItem: 0x7f807ebdd850 'com.apple.dt.runtime.swiftMetal' '<DVTFilePath:0x7f807f79b410:'/Users/irinasklyarova/Library/Developer/Xcode/Archives/2018-10-29/AlpheiosApp 29-10-2018, 22.49.xcarchive/Products/Applications/AlpheiosApp.app/Contents/Frameworks/libswiftMetal.dylib'>'>
2018-10-29 12:49:24 +0000  Skipping stripping extended attributes of item: <IDEDistributionItem: 0x7f807eb21370 'com.apple.dt.runtime.swiftObjectiveC' '<DVTFilePath:0x7f807ec955a0:'/Users/irinasklyarova/Library/Developer/Xcode/Archives/2018-10-29/AlpheiosApp 29-10-2018, 22.49.xcarchive/Products/Applications/AlpheiosApp.app/Contents/Frameworks/libswiftObjectiveC.dylib'>'>
2018-10-29 12:49:24 +0000  Skipping stripping extended attributes of item: <IDEDistributionItem: 0x7f807f6a4610 'com.apple.dt.runtime.swiftQuartzCore' '<DVTFilePath:0x7f809c85f940:'/Users/irinasklyarova/Library/Developer/Xcode/Archives/2018-10-29/AlpheiosApp 29-10-2018, 22.49.xcarchive/Products/Applications/AlpheiosApp.app/Contents/Frameworks/libswiftQuartzCore.dylib'>'>
2018-10-29 12:49:24 +0000  Skipping stripping extended attributes of item: <IDEDistributionItem: 0x7f807f914b40 'com.apple.dt.runtime.swiftSafariServices' '<DVTFilePath:0x7f809c817900:'/Users/irinasklyarova/Library/Developer/Xcode/Archives/2018-10-29/AlpheiosApp 29-10-2018, 22.49.xcarchive/Products/Applications/AlpheiosApp.app/Contents/Frameworks/libswiftSafariServices.dylib'>'>
2018-10-29 12:49:24 +0000  Skipping stripping extended attributes of item: <IDEDistributionItem: 0x7f807f978bb0 'com.apple.dt.runtime.swiftXPC' '<DVTFilePath:0x7f807eb3a790:'/Users/irinasklyarova/Library/Developer/Xcode/Archives/2018-10-29/AlpheiosApp 29-10-2018, 22.49.xcarchive/Products/Applications/AlpheiosApp.app/Contents/Frameworks/libswiftXPC.dylib'>'>
2018-10-29 12:49:24 +0000  Skipping stripping extended attributes of item: <IDEDistributionItem: 0x7f807f9c2b40 'com.apple.dt.runtime.swiftos' '<DVTFilePath:0x7f8099944750:'/Users/irinasklyarova/Library/Developer/Xcode/Archives/2018-10-29/AlpheiosApp 29-10-2018, 22.49.xcarchive/Products/Applications/AlpheiosApp.app/Contents/Frameworks/libswiftos.dylib'>'>
2018-10-29 12:49:24 +0000  Skipping stripping extended attributes of item: <IDEDistributionItem: 0x7f807f9c9e50 'net.alpheios.webextension.safari' '<DVTFilePath:0x7f809c899d60:'/Users/irinasklyarova/Library/Developer/Xcode/Archives/2018-10-29/AlpheiosApp 29-10-2018, 22.49.xcarchive/Products/Applications/AlpheiosApp.app/Contents/PlugIns/AlpheiosSafari.appex'>'>
2018-10-29 12:49:24 +0000  Running /usr/bin/xattr '-crs' '/var/folders/35/ql4xq3z1295060r1z2xjntw80000gn/T/XcodeDistPipeline.E5O/Root/Applications/AlpheiosApp.app'
2018-10-29 12:49:25 +0000  /usr/bin/xattr exited with 0
2018-10-29 12:49:25 +0000  Processing step: IDEDistributionCodesignStep
2018-10-29 12:49:25 +0000  Entitlements for <IDEDistributionItem: 0x7f807f97bd50 'com.apple.dt.runtime.swiftAppKit' '<DVTFilePath:0x7f807ec07330:'/Users/irinasklyarova/Library/Developer/Xcode/Archives/2018-10-29/AlpheiosApp 29-10-2018, 22.49.xcarchive/Products/Applications/AlpheiosApp.app/Contents/Frameworks/libswiftAppKit.dylib'>'>: {
}
2018-10-29 12:49:25 +0000  Writing entitlements for <IDEDistributionItem: 0x7f807f97bd50 'com.apple.dt.runtime.swiftAppKit' '<DVTFilePath:0x7f807ec07330:'/Users/irinasklyarova/Library/Developer/Xcode/Archives/2018-10-29/AlpheiosApp 29-10-2018, 22.49.xcarchive/Products/Applications/AlpheiosApp.app/Contents/Frameworks/libswiftAppKit.dylib'>'> to: /var/folders/35/ql4xq3z1295060r1z2xjntw80000gn/T/XcodeDistPipeline.E5O/entitlementsZN9CpJ
2018-10-29 12:49:25 +0000  Running /usr/bin/codesign '-vvv' '--force' '--sign' '97C7FFE46B510D0650777DFD99E711EB06C7ED81' '--entitlements' '/var/folders/35/ql4xq3z1295060r1z2xjntw80000gn/T/XcodeDistPipeline.E5O/entitlementsZN9CpJ' '--preserve-metadata=identifier,flags,runtime' '/var/folders/35/ql4xq3z1295060r1z2xjntw80000gn/T/XcodeDistPipeline.E5O/Root/Applications/AlpheiosApp.app/Contents/Frameworks/libswiftAppKit.dylib'
2018-10-29 12:49:25 +0000  /var/folders/35/ql4xq3z1295060r1z2xjntw80000gn/T/XcodeDistPipeline.E5O/Root/Applications/AlpheiosApp.app/Contents/Frameworks/libswiftAppKit.dylib: replacing existing signature
2018-10-29 12:49:25 +0000  /var/folders/35/ql4xq3z1295060r1z2xjntw80000gn/T/XcodeDistPipeline.E5O/Root/Applications/AlpheiosApp.app/Contents/Frameworks/libswiftAppKit.dylib: signed Mach-O thin (x86_64) [com.apple.dt.runtime.swiftAppKit]
2018-10-29 12:49:25 +0000  /usr/bin/codesign exited with 0
2018-10-29 12:49:25 +0000  Entitlements for <IDEDistributionItem: 0x7f807ef31400 'com.apple.dt.runtime.swiftCore' '<DVTFilePath:0x7f809c853560:'/Users/irinasklyarova/Library/Developer/Xcode/Archives/2018-10-29/AlpheiosApp 29-10-2018, 22.49.xcarchive/Products/Applications/AlpheiosApp.app/Contents/Frameworks/libswiftCore.dylib'>'>: {
}
2018-10-29 12:49:25 +0000  Writing entitlements for <IDEDistributionItem: 0x7f807ef31400 'com.apple.dt.runtime.swiftCore' '<DVTFilePath:0x7f809c853560:'/Users/irinasklyarova/Library/Developer/Xcode/Archives/2018-10-29/AlpheiosApp 29-10-2018, 22.49.xcarchive/Products/Applications/AlpheiosApp.app/Contents/Frameworks/libswiftCore.dylib'>'> to: /var/folders/35/ql4xq3z1295060r1z2xjntw80000gn/T/XcodeDistPipeline.E5O/entitlementskIAi0y
2018-10-29 12:49:25 +0000  Running /usr/bin/codesign '-vvv' '--force' '--sign' '97C7FFE46B510D0650777DFD99E711EB06C7ED81' '--entitlements' '/var/folders/35/ql4xq3z1295060r1z2xjntw80000gn/T/XcodeDistPipeline.E5O/entitlementskIAi0y' '--preserve-metadata=identifier,flags,runtime' '/var/folders/35/ql4xq3z1295060r1z2xjntw80000gn/T/XcodeDistPipeline.E5O/Root/Applications/AlpheiosApp.app/Contents/Frameworks/libswiftCore.dylib'
2018-10-29 12:49:25 +0000  /var/folders/35/ql4xq3z1295060r1z2xjntw80000gn/T/XcodeDistPipeline.E5O/Root/Applications/AlpheiosApp.app/Contents/Frameworks/libswiftCore.dylib: replacing existing signature
2018-10-29 12:49:25 +0000  /var/folders/35/ql4xq3z1295060r1z2xjntw80000gn/T/XcodeDistPipeline.E5O/Root/Applications/AlpheiosApp.app/Contents/Frameworks/libswiftCore.dylib: signed Mach-O thin (x86_64) [com.apple.dt.runtime.swiftCore]
2018-10-29 12:49:25 +0000  /usr/bin/codesign exited with 0
2018-10-29 12:49:25 +0000  Entitlements for <IDEDistributionItem: 0x7f807f9997f0 'com.apple.dt.runtime.swiftCoreData' '<DVTFilePath:0x7f807efaffa0:'/Users/irinasklyarova/Library/Developer/Xcode/Archives/2018-10-29/AlpheiosApp 29-10-2018, 22.49.xcarchive/Products/Applications/AlpheiosApp.app/Contents/Frameworks/libswiftCoreData.dylib'>'>: {
}
2018-10-29 12:49:25 +0000  Writing entitlements for <IDEDistributionItem: 0x7f807f9997f0 'com.apple.dt.runtime.swiftCoreData' '<DVTFilePath:0x7f807efaffa0:'/Users/irinasklyarova/Library/Developer/Xcode/Archives/2018-10-29/AlpheiosApp 29-10-2018, 22.49.xcarchive/Products/Applications/AlpheiosApp.app/Contents/Frameworks/libswiftCoreData.dylib'>'> to: /var/folders/35/ql4xq3z1295060r1z2xjntw80000gn/T/XcodeDistPipeline.E5O/entitlementsIZw0TO
2018-10-29 12:49:25 +0000  Running /usr/bin/codesign '-vvv' '--force' '--sign' '97C7FFE46B510D0650777DFD99E711EB06C7ED81' '--entitlements' '/var/folders/35/ql4xq3z1295060r1z2xjntw80000gn/T/XcodeDistPipeline.E5O/entitlementsIZw0TO' '--preserve-metadata=identifier,flags,runtime' '/var/folders/35/ql4xq3z1295060r1z2xjntw80000gn/T/XcodeDistPipeline.E5O/Root/Applications/AlpheiosApp.app/Contents/Frameworks/libswiftCoreData.dylib'
2018-10-29 12:49:25 +0000  /var/folders/35/ql4xq3z1295060r1z2xjntw80000gn/T/XcodeDistPipeline.E5O/Root/Applications/AlpheiosApp.app/Contents/Frameworks/libswiftCoreData.dylib: replacing existing signature
2018-10-29 12:49:25 +0000  /var/folders/35/ql4xq3z1295060r1z2xjntw80000gn/T/XcodeDistPipeline.E5O/Root/Applications/AlpheiosApp.app/Contents/Frameworks/libswiftCoreData.dylib: signed Mach-O thin (x86_64) [com.apple.dt.runtime.swiftCoreData]
2018-10-29 12:49:25 +0000  /usr/bin/codesign exited with 0
2018-10-29 12:49:25 +0000  Entitlements for <IDEDistributionItem: 0x7f807f78ee30 'com.apple.dt.runtime.swiftCoreFoundation' '<DVTFilePath:0x7f807f77d1c0:'/Users/irinasklyarova/Library/Developer/Xcode/Archives/2018-10-29/AlpheiosApp 29-10-2018, 22.49.xcarchive/Products/Applications/AlpheiosApp.app/Contents/Frameworks/libswiftCoreFoundation.dylib'>'>: {
}
2018-10-29 12:49:25 +0000  Writing entitlements for <IDEDistributionItem: 0x7f807f78ee30 'com.apple.dt.runtime.swiftCoreFoundation' '<DVTFilePath:0x7f807f77d1c0:'/Users/irinasklyarova/Library/Developer/Xcode/Archives/2018-10-29/AlpheiosApp 29-10-2018, 22.49.xcarchive/Products/Applications/AlpheiosApp.app/Contents/Frameworks/libswiftCoreFoundation.dylib'>'> to: /var/folders/35/ql4xq3z1295060r1z2xjntw80000gn/T/XcodeDistPipeline.E5O/entitlementsxXt5DR
2018-10-29 12:49:25 +0000  Running /usr/bin/codesign '-vvv' '--force' '--sign' '97C7FFE46B510D0650777DFD99E711EB06C7ED81' '--entitlements' '/var/folders/35/ql4xq3z1295060r1z2xjntw80000gn/T/XcodeDistPipeline.E5O/entitlementsxXt5DR' '--preserve-metadata=identifier,flags,runtime' '/var/folders/35/ql4xq3z1295060r1z2xjntw80000gn/T/XcodeDistPipeline.E5O/Root/Applications/AlpheiosApp.app/Contents/Frameworks/libswiftCoreFoundation.dylib'
2018-10-29 12:49:25 +0000  /var/folders/35/ql4xq3z1295060r1z2xjntw80000gn/T/XcodeDistPipeline.E5O/Root/Applications/AlpheiosApp.app/Contents/Frameworks/libswiftCoreFoundation.dylib: replacing existing signature
2018-10-29 12:49:25 +0000  /var/folders/35/ql4xq3z1295060r1z2xjntw80000gn/T/XcodeDistPipeline.E5O/Root/Applications/AlpheiosApp.app/Contents/Frameworks/libswiftCoreFoundation.dylib: signed Mach-O thin (x86_64) [com.apple.dt.runtime.swiftCoreFoundation]
2018-10-29 12:49:25 +0000  /usr/bin/codesign exited with 0
2018-10-29 12:49:25 +0000  Entitlements for <IDEDistributionItem: 0x7f807f6ce170 'com.apple.dt.runtime.swiftCoreGraphics' '<DVTFilePath:0x7f807f71dad0:'/Users/irinasklyarova/Library/Developer/Xcode/Archives/2018-10-29/AlpheiosApp 29-10-2018, 22.49.xcarchive/Products/Applications/AlpheiosApp.app/Contents/Frameworks/libswiftCoreGraphics.dylib'>'>: {
}
2018-10-29 12:49:25 +0000  Writing entitlements for <IDEDistributionItem: 0x7f807f6ce170 'com.apple.dt.runtime.swiftCoreGraphics' '<DVTFilePath:0x7f807f71dad0:'/Users/irinasklyarova/Library/Developer/Xcode/Archives/2018-10-29/AlpheiosApp 29-10-2018, 22.49.xcarchive/Products/Applications/AlpheiosApp.app/Contents/Frameworks/libswiftCoreGraphics.dylib'>'> to: /var/folders/35/ql4xq3z1295060r1z2xjntw80000gn/T/XcodeDistPipeline.E5O/entitlementsUg4dB2
2018-10-29 12:49:25 +0000  Running /usr/bin/codesign '-vvv' '--force' '--sign' '97C7FFE46B510D0650777DFD99E711EB06C7ED81' '--entitlements' '/var/folders/35/ql4xq3z1295060r1z2xjntw80000gn/T/XcodeDistPipeline.E5O/entitlementsUg4dB2' '--preserve-metadata=identifier,flags,runtime' '/var/folders/35/ql4xq3z1295060r1z2xjntw80000gn/T/XcodeDistPipeline.E5O/Root/Applications/AlpheiosApp.app/Contents/Frameworks/libswiftCoreGraphics.dylib'
2018-10-29 12:49:25 +0000  /var/folders/35/ql4xq3z1295060r1z2xjntw80000gn/T/XcodeDistPipeline.E5O/Root/Applications/AlpheiosApp.app/Contents/Frameworks/libswiftCoreGraphics.dylib: replacing existing signature
2018-10-29 12:49:25 +0000  /var/folders/35/ql4xq3z1295060r1z2xjntw80000gn/T/XcodeDistPipeline.E5O/Root/Applications/AlpheiosApp.app/Contents/Frameworks/libswiftCoreGraphics.dylib: signed Mach-O thin (x86_64) [com.apple.dt.runtime.swiftCoreGraphics]
2018-10-29 12:49:25 +0000  /usr/bin/codesign exited with 0
2018-10-29 12:49:25 +0000  Entitlements for <IDEDistributionItem: 0x7f80999930f0 'com.apple.dt.runtime.swiftCoreImage' '<DVTFilePath:0x7f807f44def0:'/Users/irinasklyarova/Library/Developer/Xcode/Archives/2018-10-29/AlpheiosApp 29-10-2018, 22.49.xcarchive/Products/Applications/AlpheiosApp.app/Contents/Frameworks/libswiftCoreImage.dylib'>'>: {
}
2018-10-29 12:49:25 +0000  Writing entitlements for <IDEDistributionItem: 0x7f80999930f0 'com.apple.dt.runtime.swiftCoreImage' '<DVTFilePath:0x7f807f44def0:'/Users/irinasklyarova/Library/Developer/Xcode/Archives/2018-10-29/AlpheiosApp 29-10-2018, 22.49.xcarchive/Products/Applications/AlpheiosApp.app/Contents/Frameworks/libswiftCoreImage.dylib'>'> to: /var/folders/35/ql4xq3z1295060r1z2xjntw80000gn/T/XcodeDistPipeline.E5O/entitlementsskgs8i
2018-10-29 12:49:25 +0000  Running /usr/bin/codesign '-vvv' '--force' '--sign' '97C7FFE46B510D0650777DFD99E711EB06C7ED81' '--entitlements' '/var/folders/35/ql4xq3z1295060r1z2xjntw80000gn/T/XcodeDistPipeline.E5O/entitlementsskgs8i' '--preserve-metadata=identifier,flags,runtime' '/var/folders/35/ql4xq3z1295060r1z2xjntw80000gn/T/XcodeDistPipeline.E5O/Root/Applications/AlpheiosApp.app/Contents/Frameworks/libswiftCoreImage.dylib'
2018-10-29 12:49:25 +0000  /var/folders/35/ql4xq3z1295060r1z2xjntw80000gn/T/XcodeDistPipeline.E5O/Root/Applications/AlpheiosApp.app/Contents/Frameworks/libswiftCoreImage.dylib: replacing existing signature
2018-10-29 12:49:25 +0000  /var/folders/35/ql4xq3z1295060r1z2xjntw80000gn/T/XcodeDistPipeline.E5O/Root/Applications/AlpheiosApp.app/Contents/Frameworks/libswiftCoreImage.dylib: signed Mach-O thin (x86_64) [com.apple.dt.runtime.swiftCoreImage]
2018-10-29 12:49:25 +0000  /usr/bin/codesign exited with 0
2018-10-29 12:49:25 +0000  Entitlements for <IDEDistributionItem: 0x7f807f1c6a60 'com.apple.dt.runtime.swiftDarwin' '<DVTFilePath:0x7f807f718de0:'/Users/irinasklyarova/Library/Developer/Xcode/Archives/2018-10-29/AlpheiosApp 29-10-2018, 22.49.xcarchive/Products/Applications/AlpheiosApp.app/Contents/Frameworks/libswiftDarwin.dylib'>'>: {
}
2018-10-29 12:49:25 +0000  Writing entitlements for <IDEDistributionItem: 0x7f807f1c6a60 'com.apple.dt.runtime.swiftDarwin' '<DVTFilePath:0x7f807f718de0:'/Users/irinasklyarova/Library/Developer/Xcode/Archives/2018-10-29/AlpheiosApp 29-10-2018, 22.49.xcarchive/Products/Applications/AlpheiosApp.app/Contents/Frameworks/libswiftDarwin.dylib'>'> to: /var/folders/35/ql4xq3z1295060r1z2xjntw80000gn/T/XcodeDistPipeline.E5O/entitlementsdHPS7X
2018-10-29 12:49:25 +0000  Running /usr/bin/codesign '-vvv' '--force' '--sign' '97C7FFE46B510D0650777DFD99E711EB06C7ED81' '--entitlements' '/var/folders/35/ql4xq3z1295060r1z2xjntw80000gn/T/XcodeDistPipeline.E5O/entitlementsdHPS7X' '--preserve-metadata=identifier,flags,runtime' '/var/folders/35/ql4xq3z1295060r1z2xjntw80000gn/T/XcodeDistPipeline.E5O/Root/Applications/AlpheiosApp.app/Contents/Frameworks/libswiftDarwin.dylib'
2018-10-29 12:49:25 +0000  /var/folders/35/ql4xq3z1295060r1z2xjntw80000gn/T/XcodeDistPipeline.E5O/Root/Applications/AlpheiosApp.app/Contents/Frameworks/libswiftDarwin.dylib: replacing existing signature
2018-10-29 12:49:25 +0000  /var/folders/35/ql4xq3z1295060r1z2xjntw80000gn/T/XcodeDistPipeline.E5O/Root/Applications/AlpheiosApp.app/Contents/Frameworks/libswiftDarwin.dylib: signed Mach-O thin (x86_64) [com.apple.dt.runtime.swiftDarwin]
2018-10-29 12:49:25 +0000  /usr/bin/codesign exited with 0
2018-10-29 12:49:25 +0000  Entitlements for <IDEDistributionItem: 0x7f807f692350 'com.apple.dt.runtime.swiftDispatch' '<DVTFilePath:0x7f807efd0a70:'/Users/irinasklyarova/Library/Developer/Xcode/Archives/2018-10-29/AlpheiosApp 29-10-2018, 22.49.xcarchive/Products/Applications/AlpheiosApp.app/Contents/Frameworks/libswiftDispatch.dylib'>'>: {
}
2018-10-29 12:49:25 +0000  Writing entitlements for <IDEDistributionItem: 0x7f807f692350 'com.apple.dt.runtime.swiftDispatch' '<DVTFilePath:0x7f807efd0a70:'/Users/irinasklyarova/Library/Developer/Xcode/Archives/2018-10-29/AlpheiosApp 29-10-2018, 22.49.xcarchive/Products/Applications/AlpheiosApp.app/Contents/Frameworks/libswiftDispatch.dylib'>'> to: /var/folders/35/ql4xq3z1295060r1z2xjntw80000gn/T/XcodeDistPipeline.E5O/entitlementsPgzth8
2018-10-29 12:49:25 +0000  Running /usr/bin/codesign '-vvv' '--force' '--sign' '97C7FFE46B510D0650777DFD99E711EB06C7ED81' '--entitlements' '/var/folders/35/ql4xq3z1295060r1z2xjntw80000gn/T/XcodeDistPipeline.E5O/entitlementsPgzth8' '--preserve-metadata=identifier,flags,runtime' '/var/folders/35/ql4xq3z1295060r1z2xjntw80000gn/T/XcodeDistPipeline.E5O/Root/Applications/AlpheiosApp.app/Contents/Frameworks/libswiftDispatch.dylib'
2018-10-29 12:49:25 +0000  /var/folders/35/ql4xq3z1295060r1z2xjntw80000gn/T/XcodeDistPipeline.E5O/Root/Applications/AlpheiosApp.app/Contents/Frameworks/libswiftDispatch.dylib: replacing existing signature
2018-10-29 12:49:25 +0000  /var/folders/35/ql4xq3z1295060r1z2xjntw80000gn/T/XcodeDistPipeline.E5O/Root/Applications/AlpheiosApp.app/Contents/Frameworks/libswiftDispatch.dylib: signed Mach-O thin (x86_64) [com.apple.dt.runtime.swiftDispatch]
2018-10-29 12:49:25 +0000  /usr/bin/codesign exited with 0
2018-10-29 12:49:25 +0000  Entitlements for <IDEDistributionItem: 0x7f807f6b8750 'com.apple.dt.runtime.swiftFoundation' '<DVTFilePath:0x7f807f6a4bf0:'/Users/irinasklyarova/Library/Developer/Xcode/Archives/2018-10-29/AlpheiosApp 29-10-2018, 22.49.xcarchive/Products/Applications/AlpheiosApp.app/Contents/Frameworks/libswiftFoundation.dylib'>'>: {
}
2018-10-29 12:49:25 +0000  Writing entitlements for <IDEDistributionItem: 0x7f807f6b8750 'com.apple.dt.runtime.swiftFoundation' '<DVTFilePath:0x7f807f6a4bf0:'/Users/irinasklyarova/Library/Developer/Xcode/Archives/2018-10-29/AlpheiosApp 29-10-2018, 22.49.xcarchive/Products/Applications/AlpheiosApp.app/Contents/Frameworks/libswiftFoundation.dylib'>'> to: /var/folders/35/ql4xq3z1295060r1z2xjntw80000gn/T/XcodeDistPipeline.E5O/entitlementsahWeKz
2018-10-29 12:49:25 +0000  Running /usr/bin/codesign '-vvv' '--force' '--sign' '97C7FFE46B510D0650777DFD99E711EB06C7ED81' '--entitlements' '/var/folders/35/ql4xq3z1295060r1z2xjntw80000gn/T/XcodeDistPipeline.E5O/entitlementsahWeKz' '--preserve-metadata=identifier,flags,runtime' '/var/folders/35/ql4xq3z1295060r1z2xjntw80000gn/T/XcodeDistPipeline.E5O/Root/Applications/AlpheiosApp.app/Contents/Frameworks/libswiftFoundation.dylib'
2018-10-29 12:49:25 +0000  /var/folders/35/ql4xq3z1295060r1z2xjntw80000gn/T/XcodeDistPipeline.E5O/Root/Applications/AlpheiosApp.app/Contents/Frameworks/libswiftFoundation.dylib: replacing existing signature
2018-10-29 12:49:26 +0000  /var/folders/35/ql4xq3z1295060r1z2xjntw80000gn/T/XcodeDistPipeline.E5O/Root/Applications/AlpheiosApp.app/Contents/Frameworks/libswiftFoundation.dylib: signed Mach-O thin (x86_64) [com.apple.dt.runtime.swiftFoundation]
2018-10-29 12:49:26 +0000  /usr/bin/codesign exited with 0
2018-10-29 12:49:26 +0000  Entitlements for <IDEDistributionItem: 0x7f807f3a09c0 'com.apple.dt.runtime.swiftIOKit' '<DVTFilePath:0x7f809ce1cd80:'/Users/irinasklyarova/Library/Developer/Xcode/Archives/2018-10-29/AlpheiosApp 29-10-2018, 22.49.xcarchive/Products/Applications/AlpheiosApp.app/Contents/Frameworks/libswiftIOKit.dylib'>'>: {
}
2018-10-29 12:49:26 +0000  Writing entitlements for <IDEDistributionItem: 0x7f807f3a09c0 'com.apple.dt.runtime.swiftIOKit' '<DVTFilePath:0x7f809ce1cd80:'/Users/irinasklyarova/Library/Developer/Xcode/Archives/2018-10-29/AlpheiosApp 29-10-2018, 22.49.xcarchive/Products/Applications/AlpheiosApp.app/Contents/Frameworks/libswiftIOKit.dylib'>'> to: /var/folders/35/ql4xq3z1295060r1z2xjntw80000gn/T/XcodeDistPipeline.E5O/entitlementsrEyIke
2018-10-29 12:49:26 +0000  Running /usr/bin/codesign '-vvv' '--force' '--sign' '97C7FFE46B510D0650777DFD99E711EB06C7ED81' '--entitlements' '/var/folders/35/ql4xq3z1295060r1z2xjntw80000gn/T/XcodeDistPipeline.E5O/entitlementsrEyIke' '--preserve-metadata=identifier,flags,runtime' '/var/folders/35/ql4xq3z1295060r1z2xjntw80000gn/T/XcodeDistPipeline.E5O/Root/Applications/AlpheiosApp.app/Contents/Frameworks/libswiftIOKit.dylib'
2018-10-29 12:49:26 +0000  /var/folders/35/ql4xq3z1295060r1z2xjntw80000gn/T/XcodeDistPipeline.E5O/Root/Applications/AlpheiosApp.app/Contents/Frameworks/libswiftIOKit.dylib: replacing existing signature
2018-10-29 12:49:26 +0000  /var/folders/35/ql4xq3z1295060r1z2xjntw80000gn/T/XcodeDistPipeline.E5O/Root/Applications/AlpheiosApp.app/Contents/Frameworks/libswiftIOKit.dylib: signed Mach-O thin (x86_64) [com.apple.dt.runtime.swiftIOKit]
2018-10-29 12:49:26 +0000  /usr/bin/codesign exited with 0
2018-10-29 12:49:26 +0000  Entitlements for <IDEDistributionItem: 0x7f807ebdd850 'com.apple.dt.runtime.swiftMetal' '<DVTFilePath:0x7f807f79b410:'/Users/irinasklyarova/Library/Developer/Xcode/Archives/2018-10-29/AlpheiosApp 29-10-2018, 22.49.xcarchive/Products/Applications/AlpheiosApp.app/Contents/Frameworks/libswiftMetal.dylib'>'>: {
}
2018-10-29 12:49:26 +0000  Writing entitlements for <IDEDistributionItem: 0x7f807ebdd850 'com.apple.dt.runtime.swiftMetal' '<DVTFilePath:0x7f807f79b410:'/Users/irinasklyarova/Library/Developer/Xcode/Archives/2018-10-29/AlpheiosApp 29-10-2018, 22.49.xcarchive/Products/Applications/AlpheiosApp.app/Contents/Frameworks/libswiftMetal.dylib'>'> to: /var/folders/35/ql4xq3z1295060r1z2xjntw80000gn/T/XcodeDistPipeline.E5O/entitlementshtdBZk
2018-10-29 12:49:26 +0000  Running /usr/bin/codesign '-vvv' '--force' '--sign' '97C7FFE46B510D0650777DFD99E711EB06C7ED81' '--entitlements' '/var/folders/35/ql4xq3z1295060r1z2xjntw80000gn/T/XcodeDistPipeline.E5O/entitlementshtdBZk' '--preserve-metadata=identifier,flags,runtime' '/var/folders/35/ql4xq3z1295060r1z2xjntw80000gn/T/XcodeDistPipeline.E5O/Root/Applications/AlpheiosApp.app/Contents/Frameworks/libswiftMetal.dylib'
2018-10-29 12:49:26 +0000  /var/folders/35/ql4xq3z1295060r1z2xjntw80000gn/T/XcodeDistPipeline.E5O/Root/Applications/AlpheiosApp.app/Contents/Frameworks/libswiftMetal.dylib: replacing existing signature
2018-10-29 12:49:26 +0000  /var/folders/35/ql4xq3z1295060r1z2xjntw80000gn/T/XcodeDistPipeline.E5O/Root/Applications/AlpheiosApp.app/Contents/Frameworks/libswiftMetal.dylib: signed Mach-O thin (x86_64) [com.apple.dt.runtime.swiftMetal]
2018-10-29 12:49:26 +0000  /usr/bin/codesign exited with 0
2018-10-29 12:49:26 +0000  Entitlements for <IDEDistributionItem: 0x7f807eb21370 'com.apple.dt.runtime.swiftObjectiveC' '<DVTFilePath:0x7f807ec955a0:'/Users/irinasklyarova/Library/Developer/Xcode/Archives/2018-10-29/AlpheiosApp 29-10-2018, 22.49.xcarchive/Products/Applications/AlpheiosApp.app/Contents/Frameworks/libswiftObjectiveC.dylib'>'>: {
}
2018-10-29 12:49:26 +0000  Writing entitlements for <IDEDistributionItem: 0x7f807eb21370 'com.apple.dt.runtime.swiftObjectiveC' '<DVTFilePath:0x7f807ec955a0:'/Users/irinasklyarova/Library/Developer/Xcode/Archives/2018-10-29/AlpheiosApp 29-10-2018, 22.49.xcarchive/Products/Applications/AlpheiosApp.app/Contents/Frameworks/libswiftObjectiveC.dylib'>'> to: /var/folders/35/ql4xq3z1295060r1z2xjntw80000gn/T/XcodeDistPipeline.E5O/entitlementsHnfZsX
2018-10-29 12:49:26 +0000  Running /usr/bin/codesign '-vvv' '--force' '--sign' '97C7FFE46B510D0650777DFD99E711EB06C7ED81' '--entitlements' '/var/folders/35/ql4xq3z1295060r1z2xjntw80000gn/T/XcodeDistPipeline.E5O/entitlementsHnfZsX' '--preserve-metadata=identifier,flags,runtime' '/var/folders/35/ql4xq3z1295060r1z2xjntw80000gn/T/XcodeDistPipeline.E5O/Root/Applications/AlpheiosApp.app/Contents/Frameworks/libswiftObjectiveC.dylib'
2018-10-29 12:49:26 +0000  /var/folders/35/ql4xq3z1295060r1z2xjntw80000gn/T/XcodeDistPipeline.E5O/Root/Applications/AlpheiosApp.app/Contents/Frameworks/libswiftObjectiveC.dylib: replacing existing signature
2018-10-29 12:49:26 +0000  /var/folders/35/ql4xq3z1295060r1z2xjntw80000gn/T/XcodeDistPipeline.E5O/Root/Applications/AlpheiosApp.app/Contents/Frameworks/libswiftObjectiveC.dylib: signed Mach-O thin (x86_64) [com.apple.dt.runtime.swiftObjectiveC]
2018-10-29 12:49:26 +0000  /usr/bin/codesign exited with 0
2018-10-29 12:49:26 +0000  Entitlements for <IDEDistributionItem: 0x7f807f6a4610 'com.apple.dt.runtime.swiftQuartzCore' '<DVTFilePath:0x7f809c85f940:'/Users/irinasklyarova/Library/Developer/Xcode/Archives/2018-10-29/AlpheiosApp 29-10-2018, 22.49.xcarchive/Products/Applications/AlpheiosApp.app/Contents/Frameworks/libswiftQuartzCore.dylib'>'>: {
}
2018-10-29 12:49:26 +0000  Writing entitlements for <IDEDistributionItem: 0x7f807f6a4610 'com.apple.dt.runtime.swiftQuartzCore' '<DVTFilePath:0x7f809c85f940:'/Users/irinasklyarova/Library/Developer/Xcode/Archives/2018-10-29/AlpheiosApp 29-10-2018, 22.49.xcarchive/Products/Applications/AlpheiosApp.app/Contents/Frameworks/libswiftQuartzCore.dylib'>'> to: /var/folders/35/ql4xq3z1295060r1z2xjntw80000gn/T/XcodeDistPipeline.E5O/entitlementsOVII2G
2018-10-29 12:49:26 +0000  Running /usr/bin/codesign '-vvv' '--force' '--sign' '97C7FFE46B510D0650777DFD99E711EB06C7ED81' '--entitlements' '/var/folders/35/ql4xq3z1295060r1z2xjntw80000gn/T/XcodeDistPipeline.E5O/entitlementsOVII2G' '--preserve-metadata=identifier,flags,runtime' '/var/folders/35/ql4xq3z1295060r1z2xjntw80000gn/T/XcodeDistPipeline.E5O/Root/Applications/AlpheiosApp.app/Contents/Frameworks/libswiftQuartzCore.dylib'
2018-10-29 12:49:26 +0000  /var/folders/35/ql4xq3z1295060r1z2xjntw80000gn/T/XcodeDistPipeline.E5O/Root/Applications/AlpheiosApp.app/Contents/Frameworks/libswiftQuartzCore.dylib: replacing existing signature
2018-10-29 12:49:26 +0000  /var/folders/35/ql4xq3z1295060r1z2xjntw80000gn/T/XcodeDistPipeline.E5O/Root/Applications/AlpheiosApp.app/Contents/Frameworks/libswiftQuartzCore.dylib: signed Mach-O thin (x86_64) [com.apple.dt.runtime.swiftQuartzCore]
2018-10-29 12:49:26 +0000  /usr/bin/codesign exited with 0
2018-10-29 12:49:26 +0000  Entitlements for <IDEDistributionItem: 0x7f807f914b40 'com.apple.dt.runtime.swiftSafariServices' '<DVTFilePath:0x7f809c817900:'/Users/irinasklyarova/Library/Developer/Xcode/Archives/2018-10-29/AlpheiosApp 29-10-2018, 22.49.xcarchive/Products/Applications/AlpheiosApp.app/Contents/Frameworks/libswiftSafariServices.dylib'>'>: {
}
2018-10-29 12:49:26 +0000  Writing entitlements for <IDEDistributionItem: 0x7f807f914b40 'com.apple.dt.runtime.swiftSafariServices' '<DVTFilePath:0x7f809c817900:'/Users/irinasklyarova/Library/Developer/Xcode/Archives/2018-10-29/AlpheiosApp 29-10-2018, 22.49.xcarchive/Products/Applications/AlpheiosApp.app/Contents/Frameworks/libswiftSafariServices.dylib'>'> to: /var/folders/35/ql4xq3z1295060r1z2xjntw80000gn/T/XcodeDistPipeline.E5O/entitlementsWUdmPd
2018-10-29 12:49:26 +0000  Running /usr/bin/codesign '-vvv' '--force' '--sign' '97C7FFE46B510D0650777DFD99E711EB06C7ED81' '--entitlements' '/var/folders/35/ql4xq3z1295060r1z2xjntw80000gn/T/XcodeDistPipeline.E5O/entitlementsWUdmPd' '--preserve-metadata=identifier,flags,runtime' '/var/folders/35/ql4xq3z1295060r1z2xjntw80000gn/T/XcodeDistPipeline.E5O/Root/Applications/AlpheiosApp.app/Contents/Frameworks/libswiftSafariServices.dylib'
2018-10-29 12:49:26 +0000  /var/folders/35/ql4xq3z1295060r1z2xjntw80000gn/T/XcodeDistPipeline.E5O/Root/Applications/AlpheiosApp.app/Contents/Frameworks/libswiftSafariServices.dylib: replacing existing signature
2018-10-29 12:49:26 +0000  /var/folders/35/ql4xq3z1295060r1z2xjntw80000gn/T/XcodeDistPipeline.E5O/Root/Applications/AlpheiosApp.app/Contents/Frameworks/libswiftSafariServices.dylib: signed Mach-O thin (x86_64) [com.apple.dt.runtime.swiftSafariServices]
2018-10-29 12:49:26 +0000  /usr/bin/codesign exited with 0
2018-10-29 12:49:26 +0000  Entitlements for <IDEDistributionItem: 0x7f807f978bb0 'com.apple.dt.runtime.swiftXPC' '<DVTFilePath:0x7f807eb3a790:'/Users/irinasklyarova/Library/Developer/Xcode/Archives/2018-10-29/AlpheiosApp 29-10-2018, 22.49.xcarchive/Products/Applications/AlpheiosApp.app/Contents/Frameworks/libswiftXPC.dylib'>'>: {
}
2018-10-29 12:49:26 +0000  Writing entitlements for <IDEDistributionItem: 0x7f807f978bb0 'com.apple.dt.runtime.swiftXPC' '<DVTFilePath:0x7f807eb3a790:'/Users/irinasklyarova/Library/Developer/Xcode/Archives/2018-10-29/AlpheiosApp 29-10-2018, 22.49.xcarchive/Products/Applications/AlpheiosApp.app/Contents/Frameworks/libswiftXPC.dylib'>'> to: /var/folders/35/ql4xq3z1295060r1z2xjntw80000gn/T/XcodeDistPipeline.E5O/entitlementsNDdIbn
2018-10-29 12:49:26 +0000  Running /usr/bin/codesign '-vvv' '--force' '--sign' '97C7FFE46B510D0650777DFD99E711EB06C7ED81' '--entitlements' '/var/folders/35/ql4xq3z1295060r1z2xjntw80000gn/T/XcodeDistPipeline.E5O/entitlementsNDdIbn' '--preserve-metadata=identifier,flags,runtime' '/var/folders/35/ql4xq3z1295060r1z2xjntw80000gn/T/XcodeDistPipeline.E5O/Root/Applications/AlpheiosApp.app/Contents/Frameworks/libswiftXPC.dylib'
2018-10-29 12:49:26 +0000  /var/folders/35/ql4xq3z1295060r1z2xjntw80000gn/T/XcodeDistPipeline.E5O/Root/Applications/AlpheiosApp.app/Contents/Frameworks/libswiftXPC.dylib: replacing existing signature
2018-10-29 12:49:26 +0000  /var/folders/35/ql4xq3z1295060r1z2xjntw80000gn/T/XcodeDistPipeline.E5O/Root/Applications/AlpheiosApp.app/Contents/Frameworks/libswiftXPC.dylib: signed Mach-O thin (x86_64) [com.apple.dt.runtime.swiftXPC]
2018-10-29 12:49:26 +0000  /usr/bin/codesign exited with 0
2018-10-29 12:49:26 +0000  Entitlements for <IDEDistributionItem: 0x7f807f9c2b40 'com.apple.dt.runtime.swiftos' '<DVTFilePath:0x7f8099944750:'/Users/irinasklyarova/Library/Developer/Xcode/Archives/2018-10-29/AlpheiosApp 29-10-2018, 22.49.xcarchive/Products/Applications/AlpheiosApp.app/Contents/Frameworks/libswiftos.dylib'>'>: {
}
2018-10-29 12:49:26 +0000  Writing entitlements for <IDEDistributionItem: 0x7f807f9c2b40 'com.apple.dt.runtime.swiftos' '<DVTFilePath:0x7f8099944750:'/Users/irinasklyarova/Library/Developer/Xcode/Archives/2018-10-29/AlpheiosApp 29-10-2018, 22.49.xcarchive/Products/Applications/AlpheiosApp.app/Contents/Frameworks/libswiftos.dylib'>'> to: /var/folders/35/ql4xq3z1295060r1z2xjntw80000gn/T/XcodeDistPipeline.E5O/entitlementszxE2cI
2018-10-29 12:49:26 +0000  Running /usr/bin/codesign '-vvv' '--force' '--sign' '97C7FFE46B510D0650777DFD99E711EB06C7ED81' '--entitlements' '/var/folders/35/ql4xq3z1295060r1z2xjntw80000gn/T/XcodeDistPipeline.E5O/entitlementszxE2cI' '--preserve-metadata=identifier,flags,runtime' '/var/folders/35/ql4xq3z1295060r1z2xjntw80000gn/T/XcodeDistPipeline.E5O/Root/Applications/AlpheiosApp.app/Contents/Frameworks/libswiftos.dylib'
2018-10-29 12:49:26 +0000  /var/folders/35/ql4xq3z1295060r1z2xjntw80000gn/T/XcodeDistPipeline.E5O/Root/Applications/AlpheiosApp.app/Contents/Frameworks/libswiftos.dylib: replacing existing signature
2018-10-29 12:49:26 +0000  /var/folders/35/ql4xq3z1295060r1z2xjntw80000gn/T/XcodeDistPipeline.E5O/Root/Applications/AlpheiosApp.app/Contents/Frameworks/libswiftos.dylib: signed Mach-O thin (x86_64) [com.apple.dt.runtime.swiftos]
2018-10-29 12:49:26 +0000  /usr/bin/codesign exited with 0
2018-10-29 12:49:26 +0000  Entitlements for <IDEDistributionItem: 0x7f807f9c9e50 'net.alpheios.webextension.safari' '<DVTFilePath:0x7f809c899d60:'/Users/irinasklyarova/Library/Developer/Xcode/Archives/2018-10-29/AlpheiosApp 29-10-2018, 22.49.xcarchive/Products/Applications/AlpheiosApp.app/Contents/PlugIns/AlpheiosSafari.appex'>'>: {
    "com.apple.security.app-sandbox" = 1;
    "com.apple.security.files.user-selected.read-only" = 1;
}
2018-10-29 12:49:26 +0000  Writing entitlements for <IDEDistributionItem: 0x7f807f9c9e50 'net.alpheios.webextension.safari' '<DVTFilePath:0x7f809c899d60:'/Users/irinasklyarova/Library/Developer/Xcode/Archives/2018-10-29/AlpheiosApp 29-10-2018, 22.49.xcarchive/Products/Applications/AlpheiosApp.app/Contents/PlugIns/AlpheiosSafari.appex'>'> to: /var/folders/35/ql4xq3z1295060r1z2xjntw80000gn/T/XcodeDistPipeline.E5O/entitlementsFvHRtP
2018-10-29 12:49:26 +0000  Running /usr/bin/codesign '-vvv' '--force' '--sign' '97C7FFE46B510D0650777DFD99E711EB06C7ED81' '--entitlements' '/var/folders/35/ql4xq3z1295060r1z2xjntw80000gn/T/XcodeDistPipeline.E5O/entitlementsFvHRtP' '--preserve-metadata=identifier,flags,runtime' '/var/folders/35/ql4xq3z1295060r1z2xjntw80000gn/T/XcodeDistPipeline.E5O/Root/Applications/AlpheiosApp.app/Contents/PlugIns/AlpheiosSafari.appex'
2018-10-29 12:49:26 +0000  /var/folders/35/ql4xq3z1295060r1z2xjntw80000gn/T/XcodeDistPipeline.E5O/Root/Applications/AlpheiosApp.app/Contents/PlugIns/AlpheiosSafari.appex: replacing existing signature
2018-10-29 12:49:26 +0000  /var/folders/35/ql4xq3z1295060r1z2xjntw80000gn/T/XcodeDistPipeline.E5O/Root/Applications/AlpheiosApp.app/Contents/PlugIns/AlpheiosSafari.appex: signed bundle with Mach-O thin (x86_64) [net.alpheios.webextension.safari]
2018-10-29 12:49:26 +0000  /usr/bin/codesign exited with 0
2018-10-29 12:49:26 +0000  Entitlements for <IDEDistributionItem: 0x7f807dd72b00 'net.alpheios.webextension' '<DVTFilePath:0x7f809b414880:'/Users/irinasklyarova/Library/Developer/Xcode/Archives/2018-10-29/AlpheiosApp 29-10-2018, 22.49.xcarchive/Products/Applications/AlpheiosApp.app'>'>: {
    "com.apple.security.app-sandbox" = 1;
    "com.apple.security.files.user-selected.read-only" = 1;
}
2018-10-29 12:49:26 +0000  Writing entitlements for <IDEDistributionItem: 0x7f807dd72b00 'net.alpheios.webextension' '<DVTFilePath:0x7f809b414880:'/Users/irinasklyarova/Library/Developer/Xcode/Archives/2018-10-29/AlpheiosApp 29-10-2018, 22.49.xcarchive/Products/Applications/AlpheiosApp.app'>'> to: /var/folders/35/ql4xq3z1295060r1z2xjntw80000gn/T/XcodeDistPipeline.E5O/entitlementsXmxamW
2018-10-29 12:49:26 +0000  Running /usr/bin/codesign '-vvv' '--force' '--sign' '97C7FFE46B510D0650777DFD99E711EB06C7ED81' '--entitlements' '/var/folders/35/ql4xq3z1295060r1z2xjntw80000gn/T/XcodeDistPipeline.E5O/entitlementsXmxamW' '--preserve-metadata=identifier,flags,runtime' '/var/folders/35/ql4xq3z1295060r1z2xjntw80000gn/T/XcodeDistPipeline.E5O/Root/Applications/AlpheiosApp.app'
2018-10-29 12:49:26 +0000  /var/folders/35/ql4xq3z1295060r1z2xjntw80000gn/T/XcodeDistPipeline.E5O/Root/Applications/AlpheiosApp.app: replacing existing signature
2018-10-29 12:49:26 +0000  /var/folders/35/ql4xq3z1295060r1z2xjntw80000gn/T/XcodeDistPipeline.E5O/Root/Applications/AlpheiosApp.app: signed app bundle with Mach-O thin (x86_64) [net.alpheios.webextension]
2018-10-29 12:49:26 +0000  /usr/bin/codesign exited with 0
2018-10-29 12:49:26 +0000  Processing step: IDEDistributionZipODRItemStep
2018-10-29 12:49:26 +0000  Skipping step: IDEDistributionZipODRItemStep because it said so
2018-10-29 12:49:26 +0000  Skipping step: IDEDistributionZipODRItemStep because it said so
2018-10-29 12:49:26 +0000  Skipping step: IDEDistributionZipODRItemStep because it said so
2018-10-29 12:49:26 +0000  Skipping step: IDEDistributionZipODRItemStep because it said so
2018-10-29 12:49:26 +0000  Skipping step: IDEDistributionZipODRItemStep because it said so
2018-10-29 12:49:26 +0000  Skipping step: IDEDistributionZipODRItemStep because it said so
2018-10-29 12:49:26 +0000  Skipping step: IDEDistributionZipODRItemStep because it said so
2018-10-29 12:49:26 +0000  Skipping step: IDEDistributionZipODRItemStep because it said so
2018-10-29 12:49:26 +0000  Skipping step: IDEDistributionZipODRItemStep because it said so
2018-10-29 12:49:26 +0000  Skipping step: IDEDistributionZipODRItemStep because it said so
2018-10-29 12:49:26 +0000  Skipping step: IDEDistributionZipODRItemStep because it said so
2018-10-29 12:49:26 +0000  Skipping step: IDEDistributionZipODRItemStep because it said so
2018-10-29 12:49:26 +0000  Skipping step: IDEDistributionZipODRItemStep because it said so
2018-10-29 12:49:26 +0000  Skipping step: IDEDistributionZipODRItemStep because it said so
2018-10-29 12:49:26 +0000  Skipping step: IDEDistributionZipODRItemStep because it said so
2018-10-29 12:49:26 +0000  Skipping step: IDEDistributionZipODRItemStep because it said so
2018-10-29 12:49:26 +0000  Skipping step: IDEDistributionZipODRItemStep because it said so
2018-10-29 12:49:26 +0000  Skipping step: IDEDistributionZipODRItemStep because it said so
2018-10-29 12:49:26 +0000  Processing step: IDEDistributionSkipPackagingStep
2018-10-29 12:49:26 +0000  Processing step: IDEDistributionAppStoreInformationStep
2018-10-29 12:49:26 +0000  Skipping step: IDEDistributionAppStoreInformationStep because it said so
2018-10-29 12:49:26 +0000  Processing step: IDEDistributionCreateManifestStep
2018-10-29 12:49:26 +0000  Skipping step: IDEDistributionCreateManifestStep because it said so
